---- light / ericw-tools v0.18.1-32-g6660c5f ----
extra 4x4 sampling enabled
Raytracing backend: Embree
running with 8 threads
LoadBSPFile: 'soj.bsp'
BSP is version 29
SetQdirFromPath: no "maps" in 'C:\quakedev\working\/soj.bsp'--- ConvertTextures ---
Loaded extended texinfo flags from soj.texinfo
--- LoadEntities ---
WARNING: entity at (272 92 -308) (light) has unmatched "target" (road)
WARNING: entity at (268 -164 -308) (light) has unmatched "target" (road)
WARNING: entity at (272 -420 -308) (light) has unmatched "target" (road)
WARNING: entity at (268 -680 -308) (light) has unmatched "target" (road)
WARNING: entity at (268 -580 -308) (light) has unmatched "target" (road)
WARNING: entity at (268 -328 -308) (light) has unmatched "target" (road)
WARNING: entity at (272 -68 -308) (light) has unmatched "target" (road)
WARNING: entity at (268 188 -308) (light) has unmatched "target" (road)
92 entities read, 78 are lights.
--- OptionsSummary ---
    "light" was set to "40" from map
    "phong" was set to "1" from map
    "bounce" was set to "1" from map
Embree_TraceInit: Embree version: 2.15.0
Embree_TraceInit:
	171 sky faces
	11769 solid faces
	0 filtered faces
	0 shadow-casting skip faces
SetupLights: 78 initial lights
SetupLights: 78 after surface lights
SetupLights: 78 after jittering
WARNING: couldn't nudge light in solid at 332.000000 216.000000 -640.000000
WARNING: couldn't nudge light in solid at 796.000000 -464.000000 44.000000
--- EstimateLightVisibility ---
0....1....2....3....4....5....6....7....8....9....
Final count: 78 lights, 0 suns in use.
--- LightWorld ---
--- MakeTextureColors ---
--- MakeBounceLights ---
0....1....2....3....4....5....6....7....8....9....
--- LightThread ---
0....1....2....3....4....5....6....7....8....9....
Indirect lights: 11602 bounce lights, 0 surface lights (0 light points) in use.
Lighting Completed.

lightdatasize: 572533
0 switchable light styles (32 max)
Writing soj.bsp as BSP version 29
66.129 seconds elapsed

stats:
0.325103 lights tested, 0.123487 hits per sample point
0.000000 surface lights tested, 0.000000 hits per sample point
8.594775 bounce lights tested, 3.843853 hits per sample point
725 empty lightmaps
