PRT1
234
877
4 5 29 (-190 -290 192 ) (-190 -278 192 ) (98 -278 192 ) (98 -290 192 ) 
4 5 28 (-190 -278 192 ) (-190 -110 192 ) (98 -110 192 ) (98 -278 192 ) 
4 5 26 (-190 -110 192 ) (-190 -98 192 ) (98 -98 192 ) (98 -110 192 ) 
4 5 31 (98 -566 192 ) (-190 -566 192 ) (-190 -290 192 ) (98 -290 192 ) 
4 5 23 (110 -566 192 ) (98 -566 192 ) (98 -98 192 ) (110 -98 192 ) 
4 5 21 (110 -290 192 ) (110 -278 192 ) (266 -278 192 ) (266 -290 192 ) 
4 5 20 (110 -278 192 ) (110 -110 192 ) (266 -110 192 ) (266 -278 192 ) 
4 5 22 (266 -566 192 ) (110 -566 192 ) (110 -290 192 ) (266 -290 192 ) 
4 5 18 (278 -566 192 ) (266 -566 192 ) (266 -110 192 ) (278 -110 192 ) 
4 5 15 (566 -278 192 ) (566 -290 192 ) (278 -290 192 ) (278 -278 192 ) 
4 5 14 (566 -110 192 ) (566 -278 192 ) (278 -278 192 ) (278 -110 192 ) 
4 5 17 (566 -290 192 ) (566 -566 192 ) (278 -566 192 ) (278 -290 192 ) 
4 5 13 (290 -110 192 ) (110 -110 192 ) (110 -98 192 ) (290 -98 192 ) 
4 5 9 (566 -98 192 ) (566 -110 192 ) (290 -110 192 ) (290 -98 192 ) 
4 5 8 (-190 190 192 ) (566 190 192 ) (566 -98 192 ) (-190 -98 192 ) 
4 8 166 (-184 166 144 ) (74 166 144 ) (74 -50 144 ) (-184 -50 144 ) 
4 8 108 (110 -50 144 ) (98 -50 144 ) (98 -38 144 ) (110 -38 144 ) 
4 8 111 (98 -50 144 ) (74 -50 144 ) (74 -38 144 ) (98 -38 144 ) 
4 8 107 (266 -50 144 ) (110 -50 144 ) (110 -38 144 ) (266 -38 144 ) 
4 8 104 (278 -50 144 ) (266 -50 144 ) (266 -38 144 ) (278 -38 144 ) 
4 8 103 (314 -38 144 ) (314 -50 144 ) (278 -50 144 ) (278 -38 144 ) 
4 8 100 (206 -32 144 ) (206 -38 144 ) (182 -38 144 ) (182 -32 144 ) 
4 8 101 (182 -38 144 ) (74 -38 144 ) (74 -32 144 ) (182 -32 144 ) 
5 8 99 (74 166 144 ) (195 166 144 ) (206 155 144 ) (206 -32 144 ) (74 -32 144 ) 
4 8 98 (206 155 144 ) (314 47 144 ) (314 -38 144 ) (206 -38 144 ) 
3 8 55 (314 47 144 ) (411 -50 144 ) (314 -50 144 ) 
4 8 54 (195 166 144 ) (542 166 144 ) (542 -50 144 ) (411 -50 144 ) 
4 8 44 (542 166 144 ) (560 166 144 ) (560 -50 144 ) (542 -50 144 ) 
4 8 32 (560 184 144 ) (560 166 144 ) (-184 166 144 ) (-184 184 144 ) 
4 8 25 (-190 -98 192 ) (-190 -50 144 ) (98 -50 144 ) (98 -98 192 ) 
4 8 23 (110 -62 156 ) (110 -98 192 ) (98 -98 192 ) (98 -62 156 ) 
4 8 11 (278 -62 156 ) (278 -98 192 ) (266 -98 192 ) (266 -62 156 ) 
4 8 10 (278 -50 144 ) (338 -50 144 ) (290 -98 192 ) (278 -98 192 ) 
4 8 12 (110 -50 144 ) (266 -50 144 ) (266 -98 192 ) (110 -98 192 ) 
4 8 9 (338 -50 144 ) (566 -50 144 ) (566 -98 192 ) (290 -98 192 ) 
4 9 69 (356 -110 144 ) (338 -110 144 ) (338 -98 144 ) (356 -98 144 ) 
4 9 68 (338 -98 144 ) (338 -74 144 ) (356 -74 144 ) (356 -98 144 ) 
4 9 67 (435 -74 144 ) (471 -110 144 ) (356 -110 144 ) (356 -74 144 ) 
4 9 55 (338 -50 144 ) (411 -50 144 ) (435 -74 144 ) (338 -74 144 ) 
4 9 54 (411 -50 144 ) (542 -50 144 ) (542 -110 144 ) (471 -110 144 ) 
4 9 44 (542 -50 144 ) (560 -50 144 ) (560 -110 144 ) (542 -110 144 ) 
4 9 14 (338 -110 144 ) (566 -110 144 ) (566 -110 192 ) (290 -110 192 ) 
4 9 13 (326 -110 156 ) (290 -110 192 ) (290 -98 192 ) (326 -98 156 ) 
3 9 10 (338 -50 144 ) (338 -98 144 ) (290 -98 192 ) 
4 10 103 (278 -50 144 ) (314 -50 144 ) (314 -98 144 ) (278 -98 144 ) 
4 10 68 (338 -74 144 ) (338 -98 144 ) (314 -98 144 ) (314 -74 144 ) 
4 10 55 (314 -50 144 ) (338 -50 144 ) (338 -74 144 ) (314 -74 144 ) 
4 10 13 (326 -98 156 ) (290 -98 192 ) (278 -98 192 ) (278 -98 156 ) 
3 10 11 (278 -98 156 ) (278 -98 192 ) (278 -62 156 ) 
4 11 13 (278 -98 156 ) (278 -98 192 ) (266 -98 192 ) (266 -98 156 ) 
3 11 12 (266 -98 156 ) (266 -98 192 ) (266 -62 156 ) 
4 12 107 (110 -50 144 ) (266 -50 144 ) (266 -98 144 ) (110 -98 144 ) 
3 12 23 (110 -98 156 ) (110 -98 192 ) (110 -62 156 ) 
4 12 13 (266 -98 156 ) (266 -98 192 ) (110 -98 192 ) (110 -98 156 ) 
4 13 23 (110 -110 156 ) (110 -110 192 ) (110 -98 192 ) (110 -98 156 ) 
4 13 20 (266 -110 192 ) (110 -110 192 ) (110 -110 156 ) (266 -110 156 ) 
4 13 18 (278 -110 192 ) (266 -110 192 ) (266 -110 156 ) (278 -110 156 ) 
4 13 14 (326 -110 156 ) (290 -110 192 ) (278 -110 192 ) (278 -110 156 ) 
4 14 103 (314 -278 144 ) (278 -278 144 ) (278 -110 144 ) (314 -110 144 ) 
4 14 71 (356 -278 144 ) (314 -278 144 ) (314 -110 144 ) (356 -110 144 ) 
5 14 67 (542 -278 144 ) (356 -278 144 ) (356 -110 144 ) (471 -110 144 ) (542 -181 144 ) 
3 14 54 (471 -110 144 ) (542 -110 144 ) (542 -181 144 ) 
4 14 44 (560 -278 144 ) (542 -278 144 ) (542 -110 144 ) (560 -110 144 ) 
4 14 18 (278 -110 192 ) (278 -110 156 ) (278 -278 156 ) (278 -278 192 ) 
4 14 16 (338 -278 144 ) (566 -278 144 ) (566 -278 156 ) (326 -278 156 ) 
4 14 15 (278 -278 192 ) (278 -278 156 ) (566 -278 156 ) (566 -278 192 ) 
4 15 18 (278 -290 156 ) (278 -290 192 ) (278 -278 192 ) (278 -278 156 ) 
4 15 16 (566 -290 156 ) (326 -290 156 ) (326 -278 156 ) (566 -278 156 ) 
4 15 17 (566 -290 156 ) (566 -290 192 ) (278 -290 192 ) (278 -290 156 ) 
4 16 79 (350 -290 144 ) (338 -290 144 ) (338 -278 144 ) (350 -278 144 ) 
4 16 78 (542 -290 144 ) (350 -290 144 ) (350 -278 144 ) (542 -278 144 ) 
4 16 44 (560 -290 144 ) (542 -290 144 ) (542 -278 144 ) (560 -278 144 ) 
4 16 17 (338 -290 144 ) (566 -290 144 ) (566 -290 156 ) (326 -290 156 ) 
4 17 216 (278 -560 144 ) (278 -518 144 ) (314 -518 144 ) (314 -560 144 ) 
4 17 161 (278 -518 144 ) (278 -350 144 ) (314 -350 144 ) (314 -518 144 ) 
4 17 103 (278 -350 144 ) (278 -290 144 ) (314 -290 144 ) (314 -350 144 ) 
4 17 84 (314 -560 144 ) (314 -314 144 ) (542 -314 144 ) (542 -560 144 ) 
4 17 81 (314 -314 144 ) (314 -290 144 ) (350 -290 144 ) (350 -314 144 ) 
4 17 78 (350 -290 144 ) (542 -290 144 ) (542 -314 144 ) (350 -314 144 ) 
4 17 44 (560 -560 144 ) (542 -560 144 ) (542 -290 144 ) (560 -290 144 ) 
4 17 19 (278 -338 144 ) (278 -566 144 ) (278 -566 156 ) (278 -326 156 ) 
4 17 18 (278 -566 156 ) (278 -566 192 ) (278 -290 192 ) (278 -290 156 ) 
4 18 21 (266 -290 192 ) (266 -278 192 ) (266 -278 156 ) (266 -290 156 ) 
4 18 20 (266 -278 192 ) (266 -110 192 ) (266 -110 156 ) (266 -278 156 ) 
4 18 22 (266 -566 156 ) (266 -566 192 ) (266 -290 192 ) (266 -290 156 ) 
4 18 19 (278 -566 156 ) (266 -566 156 ) (266 -326 156 ) (278 -326 156 ) 
4 19 216 (266 -560 144 ) (266 -518 144 ) (278 -518 144 ) (278 -560 144 ) 
4 19 161 (266 -518 144 ) (266 -350 144 ) (278 -350 144 ) (278 -518 144 ) 
4 19 106 (266 -350 144 ) (266 -338 144 ) (278 -338 144 ) (278 -350 144 ) 
4 19 22 (266 -338 144 ) (266 -566 144 ) (266 -566 156 ) (266 -326 156 ) 
4 20 107 (110 -278 144 ) (110 -110 144 ) (266 -110 144 ) (266 -278 144 ) 
4 20 23 (110 -278 156 ) (110 -278 192 ) (110 -110 192 ) (110 -110 156 ) 
4 20 21 (266 -278 156 ) (266 -278 192 ) (110 -278 192 ) (110 -278 156 ) 
4 21 23 (110 -290 156 ) (110 -290 192 ) (110 -278 192 ) (110 -278 156 ) 
4 21 22 (110 -290 192 ) (110 -290 156 ) (266 -290 156 ) (266 -290 192 ) 
4 22 216 (110 -560 144 ) (110 -518 144 ) (266 -518 144 ) (266 -560 144 ) 
4 22 162 (182 -350 144 ) (206 -350 144 ) (206 -518 144 ) (182 -518 144 ) 
4 22 161 (206 -350 144 ) (266 -350 144 ) (266 -518 144 ) (206 -518 144 ) 
4 22 165 (110 -518 144 ) (110 -350 144 ) (182 -350 144 ) (182 -518 144 ) 
4 22 107 (110 -350 144 ) (110 -290 144 ) (266 -290 144 ) (266 -350 144 ) 
4 22 24 (110 -338 144 ) (110 -566 144 ) (110 -566 156 ) (110 -326 156 ) 
4 22 23 (110 -566 156 ) (110 -566 192 ) (110 -290 192 ) (110 -290 156 ) 
4 23 29 (98 -290 192 ) (98 -278 192 ) (98 -278 156 ) (98 -290 156 ) 
4 23 28 (98 -278 192 ) (98 -110 192 ) (98 -110 156 ) (98 -278 156 ) 
4 23 26 (98 -110 192 ) (98 -98 192 ) (98 -98 156 ) (98 -110 156 ) 
3 23 25 (98 -98 192 ) (98 -62 156 ) (98 -98 156 ) 
4 23 31 (98 -566 156 ) (98 -566 192 ) (98 -290 192 ) (98 -290 156 ) 
4 23 24 (110 -566 156 ) (98 -566 156 ) (98 -326 156 ) (110 -326 156 ) 
4 24 216 (110 -518 144 ) (110 -560 144 ) (98 -560 144 ) (98 -518 144 ) 
4 24 165 (110 -350 144 ) (110 -518 144 ) (98 -518 144 ) (98 -350 144 ) 
4 24 110 (110 -338 144 ) (110 -350 144 ) (98 -350 144 ) (98 -338 144 ) 
4 24 31 (98 -566 144 ) (98 -566 156 ) (98 -326 156 ) (98 -338 144 ) 
4 25 179 (74 -74 144 ) (74 -98 144 ) (32 -98 144 ) (32 -74 144 ) 
4 25 189 (32 -98 144 ) (-184 -98 144 ) (-184 -74 144 ) (32 -74 144 ) 
4 25 166 (-184 -50 144 ) (74 -50 144 ) (74 -74 144 ) (-184 -74 144 ) 
4 25 111 (74 -50 144 ) (98 -50 144 ) (98 -98 144 ) (74 -98 144 ) 
4 25 27 (-190 -98 156 ) (-190 -98 144 ) (50 -98 144 ) (62 -98 156 ) 
4 25 26 (-190 -98 192 ) (-190 -98 156 ) (98 -98 156 ) (98 -98 192 ) 
4 26 28 (98 -110 156 ) (98 -110 192 ) (-190 -110 192 ) (-190 -110 156 ) 
4 26 27 (62 -110 156 ) (-190 -110 156 ) (-190 -98 156 ) (62 -98 156 ) 
4 27 181 (32 -98 144 ) (50 -98 144 ) (50 -110 144 ) (32 -110 144 ) 
4 27 189 (-184 -98 144 ) (32 -98 144 ) (32 -110 144 ) (-184 -110 144 ) 
4 27 28 (-190 -110 144 ) (50 -110 144 ) (62 -110 156 ) (-190 -110 156 ) 
4 28 182 (32 -110 144 ) (74 -110 144 ) (74 -278 144 ) (32 -278 144 ) 
4 28 189 (-184 -110 144 ) (32 -110 144 ) (32 -278 144 ) (-184 -278 144 ) 
4 28 111 (74 -110 144 ) (98 -110 144 ) (98 -278 144 ) (74 -278 144 ) 
4 28 30 (-190 -278 156 ) (-190 -278 144 ) (50 -278 144 ) (62 -278 156 ) 
4 28 29 (-190 -278 192 ) (-190 -278 156 ) (98 -278 156 ) (98 -278 192 ) 
4 29 30 (-190 -290 156 ) (-190 -278 156 ) (62 -278 156 ) (62 -290 156 ) 
4 29 31 (-190 -290 192 ) (-190 -290 156 ) (98 -290 156 ) (98 -290 192 ) 
4 30 191 (38 -278 144 ) (50 -278 144 ) (50 -290 144 ) (38 -290 144 ) 
4 30 195 (-184 -278 144 ) (38 -278 144 ) (38 -290 144 ) (-184 -290 144 ) 
4 30 31 (-190 -290 156 ) (-190 -290 144 ) (50 -290 144 ) (62 -290 156 ) 
4 31 216 (-184 -518 144 ) (98 -518 144 ) (98 -560 144 ) (-184 -560 144 ) 
4 31 196 (74 -314 144 ) (74 -518 144 ) (-184 -518 144 ) (-184 -314 144 ) 
4 31 192 (38 -290 144 ) (74 -290 144 ) (74 -314 144 ) (38 -314 144 ) 
4 31 195 (-184 -290 144 ) (38 -290 144 ) (38 -314 144 ) (-184 -314 144 ) 
4 31 165 (98 -350 144 ) (98 -518 144 ) (74 -518 144 ) (74 -350 144 ) 
4 31 111 (74 -290 144 ) (98 -290 144 ) (98 -350 144 ) (74 -350 144 ) 
4 32 166 (74 166 144 ) (-184 166 144 ) (-184 166 132 ) (74 166 132 ) 
4 32 99 (195 166 144 ) (74 166 144 ) (74 166 132 ) (195 166 132 ) 
4 32 54 (542 166 144 ) (195 166 144 ) (195 166 132 ) (542 166 132 ) 
4 32 44 (560 166 144 ) (542 166 144 ) (542 166 132 ) (560 166 132 ) 
4 32 42 (-166 166 132 ) (-184 166 132 ) (-184 184 132 ) (-166 184 132 ) 
4 32 41 (146 166 132 ) (-166 166 132 ) (-166 184 132 ) (146 184 132 ) 
4 32 36 (242 166 132 ) (146 166 132 ) (146 184 132 ) (242 184 132 ) 
4 32 33 (560 184 132 ) (560 166 132 ) (542 166 132 ) (542 184 132 ) 
4 32 35 (542 166 132 ) (242 166 132 ) (242 184 132 ) (542 184 132 ) 
4 33 45 (566 166 60 ) (566 166 132 ) (542 166 132 ) (542 166 60 ) 
4 33 35 (542 166 60 ) (542 166 132 ) (542 190 132 ) (542 190 60 ) 
3 34 230 (542 190 48 ) (566 166 48 ) (542 166 36 ) 
3 34 45 (542 166 36 ) (566 166 48 ) (542 166 60 ) 
3 34 35 (542 190 48 ) (542 166 36 ) (542 166 60 ) 
4 35 230 (350 166 -60 ) (326 190 -60 ) (542 190 48 ) (542 166 36 ) 
5 35 54 (242 166 -60 ) (350 166 -60 ) (542 166 36 ) (542 166 132 ) (242 166 132 ) 
5 35 40 (242 190 -60 ) (242 166 -60 ) (242 166 36 ) (242 178 36 ) (242 190 24 ) 
4 35 37 (242 166 36 ) (242 166 120 ) (242 178 120 ) (242 178 36 ) 
4 35 36 (242 166 120 ) (242 166 132 ) (242 190 132 ) (242 178 120 ) 
4 36 99 (195 166 132 ) (146 166 132 ) (146 166 120 ) (195 166 120 ) 
4 36 54 (242 166 120 ) (242 166 132 ) (195 166 132 ) (195 166 120 ) 
4 36 41 (146 166 120 ) (146 166 132 ) (146 190 132 ) (146 178 120 ) 
4 36 39 (158 166 120 ) (146 166 120 ) (146 178 120 ) (158 178 120 ) 
4 36 37 (242 166 120 ) (230 166 120 ) (230 178 120 ) (242 178 120 ) 
4 36 38 (230 166 120 ) (158 166 120 ) (158 178 120 ) (230 178 120 ) 
4 37 54 (242 166 36 ) (242 166 120 ) (230 166 120 ) (230 166 36 ) 
4 37 40 (242 178 36 ) (242 166 36 ) (230 166 36 ) (230 178 36 ) 
4 37 38 (230 178 36 ) (230 166 36 ) (230 166 120 ) (230 178 120 ) 
4 38 99 (195 166 120 ) (158 166 120 ) (158 166 36 ) (195 166 36 ) 
4 38 54 (230 166 120 ) (195 166 120 ) (195 166 36 ) (230 166 36 ) 
4 38 40 (230 178 36 ) (230 166 36 ) (158 166 36 ) (158 178 36 ) 
4 38 39 (158 178 36 ) (158 166 36 ) (158 166 120 ) (158 178 120 ) 
4 39 99 (158 166 120 ) (146 166 120 ) (146 166 36 ) (158 166 36 ) 
4 39 41 (146 166 36 ) (146 166 120 ) (146 178 120 ) (146 178 36 ) 
4 39 40 (146 166 36 ) (146 178 36 ) (158 178 36 ) (158 166 36 ) 
4 40 99 (146 166 -60 ) (195 166 -60 ) (195 166 36 ) (146 166 36 ) 
4 40 54 (195 166 -60 ) (242 166 -60 ) (242 166 36 ) (195 166 36 ) 
5 40 41 (146 166 -60 ) (146 166 36 ) (146 178 36 ) (146 190 24 ) (146 190 -60 ) 
4 41 229 (50 190 -60 ) (26 166 -60 ) (-166 166 36 ) (-166 190 48 ) 
3 41 210 (-166 166 108 ) (-166 166 36 ) (-22 166 -36 ) 
5 41 177 (17.333333 166 108 ) (-54.666667 166 108 ) (-54.666667 166 -3.333333 ) (-22 166 -36 ) (17.333333 166 -55.666667 ) 
3 41 178 (-54.666667 166 108 ) (-166 166 108 ) (-54.666667 166 -3.333333 ) 
5 41 167 (26 166 -60 ) (74 166 -60 ) (74 166 108 ) (17.333333 166 108 ) (17.333333 166 -55.666667 ) 
4 41 166 (74 166 108 ) (74 166 132 ) (-166 166 132 ) (-166 166 108 ) 
4 41 99 (74 166 -60 ) (146 166 -60 ) (146 166 132 ) (74 166 132 ) 
3 41 43 (-166 166 36 ) (-166 166 60 ) (-166 190 48 ) 
4 41 42 (-166 166 60 ) (-166 166 132 ) (-166 190 132 ) (-166 190 60 ) 
4 42 211 (-190 166 132 ) (-190 166 60 ) (-178 166 60 ) (-178 166 120 ) 
4 42 210 (-178 166 60 ) (-166 166 60 ) (-166 166 108 ) (-178 166 120 ) 
3 42 209 (-184 166 132 ) (-190 166 132 ) (-184 166 126 ) 
4 42 166 (-166 166 132 ) (-184 166 132 ) (-184 166 126 ) (-166 166 108 ) 
3 43 229 (-166 166 36 ) (-190 166 48 ) (-166 190 48 ) 
3 43 211 (-190 166 48 ) (-178 166 42 ) (-178 166 54 ) 
4 43 210 (-178 166 42 ) (-166 166 36 ) (-166 166 60 ) (-178 166 54 ) 
4 44 84 (542 -314 132 ) (542 -560 132 ) (542 -560 144 ) (542 -314 144 ) 
4 44 78 (542 -278 132 ) (542 -314 132 ) (542 -314 144 ) (542 -278 144 ) 
4 44 67 (542 -181 132 ) (542 -278 132 ) (542 -278 144 ) (542 -181 144 ) 
4 44 54 (542 166 144 ) (542 166 132 ) (542 -181 132 ) (542 -181 144 ) 
4 44 52 (542 -560 132 ) (542 -542 132 ) (560 -542 132 ) (560 -560 132 ) 
4 44 51 (542 -542 132 ) (542 -230 132 ) (560 -230 132 ) (560 -542 132 ) 
4 44 46 (542 -230 132 ) (542 -134 132 ) (560 -134 132 ) (560 -230 132 ) 
4 44 45 (542 -134 132 ) (542 166 132 ) (560 166 132 ) (560 -134 132 ) 
4 45 230 (566 -50 -60 ) (542 -26 -60 ) (542 166 36 ) (566 166 48 ) 
5 45 54 (542 166 132 ) (542 166 36 ) (542 -26 -60 ) (542 -134 -60 ) (542 -134 132 ) 
5 45 50 (542 -134 36 ) (542 -134 -60 ) (566 -134 -60 ) (566 -134 24 ) (554 -134 36 ) 
4 45 47 (542 -134 120 ) (542 -134 36 ) (554 -134 36 ) (554 -134 120 ) 
4 45 46 (542 -134 132 ) (542 -134 120 ) (554 -134 120 ) (566 -134 132 ) 
4 46 67 (542 -230 120 ) (542 -230 132 ) (542 -181 132 ) (542 -181 120 ) 
4 46 54 (542 -181 132 ) (542 -134 132 ) (542 -134 120 ) (542 -181 120 ) 
4 46 51 (566 -230 132 ) (542 -230 132 ) (542 -230 120 ) (554 -230 120 ) 
4 46 49 (542 -230 120 ) (542 -218 120 ) (554 -218 120 ) (554 -230 120 ) 
4 46 47 (542 -146 120 ) (542 -134 120 ) (554 -134 120 ) (554 -146 120 ) 
4 46 48 (542 -218 120 ) (542 -146 120 ) (554 -146 120 ) (554 -218 120 ) 
4 47 54 (542 -146 120 ) (542 -134 120 ) (542 -134 36 ) (542 -146 36 ) 
4 47 50 (542 -146 36 ) (542 -134 36 ) (554 -134 36 ) (554 -146 36 ) 
4 47 48 (542 -146 120 ) (542 -146 36 ) (554 -146 36 ) (554 -146 120 ) 
4 48 67 (542 -218 120 ) (542 -181 120 ) (542 -181 36 ) (542 -218 36 ) 
4 48 54 (542 -181 120 ) (542 -146 120 ) (542 -146 36 ) (542 -181 36 ) 
4 48 50 (542 -218 36 ) (542 -146 36 ) (554 -146 36 ) (554 -218 36 ) 
4 48 49 (542 -218 36 ) (554 -218 36 ) (554 -218 120 ) (542 -218 120 ) 
4 49 67 (542 -230 36 ) (542 -230 120 ) (542 -218 120 ) (542 -218 36 ) 
4 49 51 (554 -230 120 ) (542 -230 120 ) (542 -230 36 ) (554 -230 36 ) 
4 49 50 (554 -230 36 ) (542 -230 36 ) (542 -218 36 ) (554 -218 36 ) 
4 50 67 (542 -181 -60 ) (542 -230 -60 ) (542 -230 36 ) (542 -181 36 ) 
4 50 54 (542 -134 -60 ) (542 -181 -60 ) (542 -181 36 ) (542 -134 36 ) 
5 50 51 (542 -230 -60 ) (566 -230 -60 ) (566 -230 24 ) (554 -230 36 ) (542 -230 36 ) 
4 51 231 (542 -542 36 ) (542 -350 -60 ) (566 -326 -60 ) (566 -542 48 ) 
5 51 85 (542 -314 -60 ) (542 -350 -60 ) (542 -542 36 ) (542 -542 108 ) (542 -314 108 ) 
4 51 84 (542 -542 108 ) (542 -542 132 ) (542 -314 132 ) (542 -314 108 ) 
4 51 78 (542 -278 -60 ) (542 -314 -60 ) (542 -314 132 ) (542 -278 132 ) 
4 51 67 (542 -230 -60 ) (542 -278 -60 ) (542 -278 132 ) (542 -230 132 ) 
3 51 53 (542 -542 36 ) (566 -542 48 ) (542 -542 60 ) 
4 51 52 (566 -542 60 ) (566 -542 132 ) (542 -542 132 ) (542 -542 60 ) 
4 52 97 (542 -566 60 ) (542 -566 132 ) (542 -560 132 ) (542 -560 60 ) 
4 52 85 (542 -542 108 ) (542 -542 60 ) (542 -560 60 ) (542 -560 108 ) 
4 52 84 (542 -560 132 ) (542 -542 132 ) (542 -542 108 ) (542 -560 108 ) 
3 53 231 (542 -566 48 ) (542 -542 36 ) (566 -542 48 ) 
3 53 97 (542 -560 45 ) (542 -566 48 ) (542 -560 51 ) 
4 53 85 (542 -542 36 ) (542 -560 45 ) (542 -560 51 ) (542 -542 60 ) 
3 54 230 (542 -26 -60 ) (350 166 -60 ) (542 166 36 ) 
4 54 99 (195 166 -60 ) (206 155 -60 ) (206 155 144 ) (195 166 144 ) 
4 54 98 (206 155 -60 ) (314 47 -60 ) (314 47 144 ) (206 155 144 ) 
4 54 67 (435 -74 -60 ) (542 -181 -60 ) (542 -181 144 ) (435 -74 144 ) 
4 54 59 (350 11 -60 ) (368 -7 -60 ) (368 -7 108 ) (350 11 108 ) 
4 54 63 (332.478261 28.521739 -60 ) (350 11 -60 ) (350 11 108 ) (332.478261 28.521739 108 ) 
4 54 65 (314 47 -60 ) (332.478261 28.521739 -60 ) (332.478261 28.521739 108 ) (314 47 108 ) 
4 54 56 (381 -20 -60 ) (435 -74 -60 ) (435 -74 108 ) (381 -20 108 ) 
4 54 55 (435 -74 108 ) (435 -74 144 ) (314 47 144 ) (314 47 108 ) 
4 55 103 (314 -74 108 ) (314 -74 144 ) (314 -38 144 ) (314 -38 108 ) 
4 55 98 (314 -38 144 ) (314 47 144 ) (314 47 108 ) (314 -38 108 ) 
4 55 68 (314 -74 144 ) (314 -74 108 ) (356 -74 108 ) (356 -74 144 ) 
4 55 67 (356 -74 108 ) (435 -74 108 ) (435 -74 144 ) (356 -74 144 ) 
3 55 60 (332 -7 108 ) (339.826087 0.826087 108 ) (350 -2 108 ) 
3 55 61 (368 -69 108 ) (363 -74 108 ) (350 -74 108 ) 
3 55 62 (350 -74 108 ) (337 -74 108 ) (332 -69 108 ) 
3 55 59 (339.826087 0.826087 108 ) (350 11 108 ) (368 -7 108 ) 
3 55 63 (319 -20 108 ) (332.478261 28.521739 108 ) (350 11 108 ) 
3 55 58 (381 -56 108 ) (376 -74 108 ) (363 -74 108 ) 
3 55 64 (337 -74 108 ) (324 -74 108 ) (319 -56 108 ) 
3 55 57 (386 -38 108 ) (396 -74 108 ) (376 -74 108 ) 
3 55 65 (314 -38 108 ) (314 47 108 ) (332.478261 28.521739 108 ) 
3 55 56 (381 -20 108 ) (435 -74 108 ) (396 -74 108 ) 
3 55 66 (314 -74 108 ) (314 -38 108 ) (324 -74 108 ) 
4 56 67 (396 -74 -60 ) (435 -74 -60 ) (435 -74 108 ) (396 -74 108 ) 
4 56 57 (396 -74 108 ) (386 -38 108 ) (386 -38 -60 ) (396 -74 -60 ) 
4 57 67 (376 -74 -60 ) (396 -74 -60 ) (396 -74 108 ) (376 -74 108 ) 
4 57 58 (381 -56 -60 ) (376 -74 -60 ) (376 -74 108 ) (381 -56 108 ) 
4 58 67 (363 -74 -60 ) (376 -74 -60 ) (376 -74 108 ) (363 -74 108 ) 
4 58 61 (368 -69 -60 ) (363 -74 -60 ) (363 -74 108 ) (368 -69 108 ) 
4 59 60 (339.826087 0.826087 -60 ) (350 -2 -60 ) (350 -2 108 ) (339.826087 0.826087 108 ) 
4 59 63 (350 11 108 ) (350 11 -60 ) (339.826087 0.826087 -60 ) (339.826087 0.826087 108 ) 
4 60 63 (339.826087 0.826087 -60 ) (332 -7 -60 ) (332 -7 108 ) (339.826087 0.826087 108 ) 
4 61 75 (350 -74 -60 ) (356 -74 -60 ) (356 -74 84 ) (350 -74 84 ) 
4 61 72 (356 -74 84 ) (356 -74 108 ) (350 -74 108 ) (350 -74 84 ) 
4 61 67 (356 -74 -60 ) (363 -74 -60 ) (363 -74 108 ) (356 -74 108 ) 
4 62 76 (338 -74 -60 ) (350 -74 -60 ) (350 -74 24 ) (338 -74 24 ) 
4 62 77 (337 -74 -60 ) (338 -74 -60 ) (338 -74 84 ) (337 -74 84 ) 
4 62 74 (338 -74 108 ) (337 -74 108 ) (337 -74 84 ) (338 -74 84 ) 
4 62 64 (332 -69 -60 ) (337 -74 -60 ) (337 -74 108 ) (332 -69 108 ) 
4 63 65 (332.478261 28.521739 108 ) (332.478261 28.521739 -60 ) (319 -20 -60 ) (319 -20 108 ) 
4 64 77 (324 -74 -60 ) (337 -74 -60 ) (337 -74 84 ) (324 -74 84 ) 
4 64 74 (337 -74 84 ) (337 -74 108 ) (324 -74 108 ) (324 -74 84 ) 
4 64 66 (319 -56 -60 ) (324 -74 -60 ) (324 -74 108 ) (319 -56 108 ) 
4 65 98 (314 47 -60 ) (314 -38 -60 ) (314 -38 108 ) (314 47 108 ) 
4 66 148 (314 -50 -60 ) (314 -74 -60 ) (314 -74 -54 ) (314 -50 -54 ) 
4 66 132 (314 -74 -54 ) (314 -74 -48 ) (314 -50 -48 ) (314 -50 -54 ) 
4 66 114 (314 -74 -48 ) (314 -74 -42 ) (314 -50 -42 ) (314 -50 -48 ) 
4 66 113 (314 -74 -42 ) (314 -74 108 ) (314 -50 108 ) (314 -50 -42 ) 
4 66 112 (314 -38 -60 ) (314 -50 -60 ) (314 -50 24 ) (314 -38 24 ) 
4 66 77 (314 -74 84 ) (314 -74 -60 ) (324 -74 -60 ) (324 -74 84 ) 
4 66 74 (314 -74 108 ) (314 -74 84 ) (324 -74 84 ) (324 -74 108 ) 
4 67 78 (356 -278 -60 ) (542 -278 -60 ) (542 -278 144 ) (356 -278 144 ) 
4 67 75 (356 -74 84 ) (356 -74 -60 ) (356 -278 -60 ) (356 -278 84 ) 
4 67 73 (356 -206 84 ) (356 -278 84 ) (356 -278 108 ) (356 -206 108 ) 
4 67 72 (356 -74 108 ) (356 -74 84 ) (356 -182 84 ) (356 -182 108 ) 
4 67 69 (356 -98 108 ) (356 -110 108 ) (356 -110 144 ) (356 -98 144 ) 
4 67 68 (356 -74 144 ) (356 -74 108 ) (356 -98 108 ) (356 -98 144 ) 
4 67 71 (356 -110 108 ) (356 -278 108 ) (356 -278 144 ) (356 -110 144 ) 
4 68 103 (314 -98 144 ) (314 -74 144 ) (314 -74 108 ) (314 -98 108 ) 
4 68 74 (314 -74 108 ) (338 -74 108 ) (338 -98 108 ) (314 -98 108 ) 
4 68 72 (350 -74 108 ) (356 -74 108 ) (356 -98 108 ) (350 -98 108 ) 
4 68 69 (350 -98 108 ) (356 -98 108 ) (356 -98 144 ) (338 -98 144 ) 
4 68 70 (314 -98 108 ) (338 -98 108 ) (326 -98 144 ) (314 -98 144 ) 
4 69 72 (356 -98 108 ) (356 -110 108 ) (350 -110 108 ) (350 -98 108 ) 
4 69 71 (350 -110 108 ) (356 -110 108 ) (356 -110 144 ) (338 -110 144 ) 
4 70 103 (314 -110 144 ) (314 -98 144 ) (314 -98 108 ) (314 -110 108 ) 
4 70 74 (338 -110 108 ) (314 -110 108 ) (314 -98 108 ) (338 -98 108 ) 
4 70 71 (314 -110 144 ) (314 -110 108 ) (338 -110 108 ) (326 -110 144 ) 
4 71 103 (314 -278 108 ) (314 -278 144 ) (314 -110 144 ) (314 -110 108 ) 
3 71 79 (350 -278 144 ) (338 -278 144 ) (350 -278 108 ) 
4 71 80 (326 -278 144 ) (314 -278 144 ) (314 -278 108 ) (338 -278 108 ) 
4 71 78 (356 -278 108 ) (356 -278 144 ) (350 -278 144 ) (350 -278 108 ) 
4 71 74 (338 -278 108 ) (314 -278 108 ) (314 -110 108 ) (338 -110 108 ) 
4 71 73 (356 -206 108 ) (356 -278 108 ) (350 -278 108 ) (350 -206 108 ) 
4 71 72 (356 -110 108 ) (356 -182 108 ) (350 -182 108 ) (350 -110 108 ) 
4 72 75 (350 -182 84 ) (350 -74 84 ) (356 -74 84 ) (356 -182 84 ) 
4 73 78 (356 -278 84 ) (356 -278 108 ) (350 -278 108 ) (350 -278 84 ) 
4 73 75 (356 -278 84 ) (350 -278 84 ) (350 -206 84 ) (356 -206 84 ) 
4 74 113 (314 -278 84 ) (314 -278 108 ) (314 -74 108 ) (314 -74 84 ) 
4 74 83 (338 -278 108 ) (314 -278 108 ) (314 -278 84 ) (338 -278 84 ) 
4 74 77 (338 -278 84 ) (314 -278 84 ) (314 -74 84 ) (338 -74 84 ) 
4 75 78 (350 -278 -60 ) (356 -278 -60 ) (356 -278 84 ) (350 -278 84 ) 
7 75 76 (350 -74 24 ) (350 -74 -60 ) (350 -278 -60 ) (350 -278 60 ) (350 -242 84 ) (350 -146 84 ) (350 -110 60 ) 
4 76 82 (338 -278 -60 ) (350 -278 -60 ) (350 -278 60 ) (338 -278 60 ) 
7 76 77 (338 -278 -60 ) (338 -278 60 ) (338 -242 84 ) (338 -146 84 ) (338 -110 60 ) (338 -74 24 ) (338 -74 -60 ) 
4 77 148 (314 -74 -60 ) (314 -278 -60 ) (314 -278 -54 ) (314 -74 -54 ) 
4 77 132 (314 -278 -54 ) (314 -278 -48 ) (314 -74 -48 ) (314 -74 -54 ) 
4 77 114 (314 -278 -48 ) (314 -278 -42 ) (314 -74 -42 ) (314 -74 -48 ) 
4 77 113 (314 -278 -42 ) (314 -278 84 ) (314 -74 84 ) (314 -74 -42 ) 
4 77 83 (314 -278 -60 ) (338 -278 -60 ) (338 -278 84 ) (314 -278 84 ) 
4 78 89 (350 -314 -60 ) (363 -314 -60 ) (363 -314 108 ) (350 -314 108 ) 
4 78 87 (363 -314 -60 ) (376 -314 -60 ) (376 -314 108 ) (363 -314 108 ) 
4 78 85 (376 -314 -60 ) (542 -314 -60 ) (542 -314 108 ) (376 -314 108 ) 
4 78 84 (542 -314 108 ) (542 -314 144 ) (350 -314 144 ) (350 -314 108 ) 
4 78 82 (350 -278 -60 ) (350 -314 -60 ) (350 -314 24 ) (350 -278 60 ) 
4 78 79 (350 -290 144 ) (350 -278 144 ) (350 -278 108 ) (350 -290 108 ) 
4 78 81 (350 -314 108 ) (350 -314 144 ) (350 -290 144 ) (350 -290 108 ) 
3 79 81 (350 -290 108 ) (350 -290 144 ) (338 -290 144 ) 
4 80 103 (314 -290 144 ) (314 -278 144 ) (314 -278 108 ) (314 -290 108 ) 
4 80 83 (314 -290 108 ) (314 -278 108 ) (338 -278 108 ) (338 -290 108 ) 
4 80 81 (326 -290 144 ) (314 -290 144 ) (314 -290 108 ) (338 -290 108 ) 
4 81 103 (314 -314 108 ) (314 -314 144 ) (314 -290 144 ) (314 -290 108 ) 
4 81 84 (314 -314 144 ) (314 -314 108 ) (350 -314 108 ) (350 -314 144 ) 
4 81 83 (338 -314 108 ) (314 -314 108 ) (314 -290 108 ) (338 -290 108 ) 
4 82 90 (338 -314 -60 ) (350 -314 -60 ) (350 -314 24 ) (338 -314 24 ) 
4 82 83 (338 -278 -60 ) (338 -314 -60 ) (338 -314 24 ) (338 -278 60 ) 
4 83 149 (314 -306.500000 -60 ) (314 -314 -60 ) (314 -314 -54 ) (314 -306.500000 -54 ) 
4 83 148 (314 -278 -60 ) (314 -306.500000 -60 ) (314 -306.500000 -54 ) (314 -278 -54 ) 
4 83 132 (314 -314 -54 ) (314 -314 -48 ) (314 -278 -48 ) (314 -278 -54 ) 
4 83 114 (314 -314 -48 ) (314 -314 -42 ) (314 -278 -42 ) (314 -278 -48 ) 
4 83 113 (314 -314 -42 ) (314 -314 108 ) (314 -278 108 ) (314 -278 -42 ) 
4 83 90 (337 -314 -60 ) (338 -314 -60 ) (338 -314 108 ) (337 -314 108 ) 
4 83 92 (324 -314 -60 ) (337 -314 -60 ) (337 -314 108 ) (324 -314 108 ) 
4 83 94 (314 -314 108 ) (314 -314 -60 ) (324 -314 -60 ) (324 -314 108 ) 
4 84 217 (314 -560 108 ) (314 -560 132 ) (314 -518 132 ) (314 -518 108 ) 
4 84 216 (314 -560 132 ) (314 -560 144 ) (314 -518 144 ) (314 -518 132 ) 
4 84 161 (314 -518 144 ) (314 -350 144 ) (314 -350 108 ) (314 -518 108 ) 
4 84 103 (314 -350 144 ) (314 -314 144 ) (314 -314 108 ) (314 -350 108 ) 
4 84 97 (542 -560 108 ) (542 -560 132 ) (314 -560 132 ) (314 -560 108 ) 
3 84 91 (350 -386 108 ) (339.826087 -388.826087 108 ) (332 -381 108 ) 
3 84 90 (332 -319 108 ) (337 -314 108 ) (350 -314 108 ) 
3 84 92 (319 -332 108 ) (324 -314 108 ) (337 -314 108 ) 
3 84 93 (368 -381 108 ) (350 -399 108 ) (339.826087 -388.826087 108 ) 
3 84 94 (314 -350 108 ) (314 -314 108 ) (324 -314 108 ) 
3 84 89 (350 -314 108 ) (363 -314 108 ) (368 -319 108 ) 
3 84 95 (314 -363 108 ) (314 -350 108 ) (319 -368 108 ) 
3 84 88 (381 -368 108 ) (367.521739 -416.521739 108 ) (350 -399 108 ) 
3 84 87 (363 -314 108 ) (376 -314 108 ) (381 -332 108 ) 
3 84 86 (386 -350 108 ) (418.692308 -467.692308 108 ) (367.521739 -416.521739 108 ) 
4 84 96 (314 -560 108 ) (314 -363 108 ) (418.692308 -467.692308 108 ) (444.333333 -560 108 ) 
4 84 85 (376 -314 108 ) (542 -314 108 ) (542 -560 108 ) (444.333333 -560 108 ) 
4 85 231 (419.913043 -472.086957 -60 ) (542 -350 -60 ) (542 -560 45 ) (444.333333 -560 -3.833333 ) 
4 85 97 (444.333333 -560 -3.833333 ) (542 -560 45 ) (542 -560 108 ) (444.333333 -560 108 ) 
4 85 87 (376 -314 108 ) (376 -314 -60 ) (381 -332 -60 ) (381 -332 108 ) 
4 85 86 (386 -350 -60 ) (418.692308 -467.692308 -60 ) (418.692308 -467.692308 108 ) (386 -350 108 ) 
5 85 96 (418.692308 -467.692308 -60 ) (419.913043 -472.086957 -60 ) (444.333333 -560 -3.833333 ) (444.333333 -560 108 ) (418.692308 -467.692308 108 ) 
4 86 88 (381 -368 -60 ) (367.521739 -416.521739 -60 ) (367.521739 -416.521739 108 ) (381 -368 108 ) 
4 86 96 (418.692308 -467.692308 108 ) (367.521739 -416.521739 108 ) (367.521739 -416.521739 -60 ) (418.692308 -467.692308 -60 ) 
4 87 89 (368 -319 108 ) (363 -314 108 ) (363 -314 -60 ) (368 -319 -60 ) 
4 88 93 (368 -381 -60 ) (350 -399 -60 ) (350 -399 108 ) (368 -381 108 ) 
4 88 96 (367.521739 -416.521739 108 ) (350 -399 108 ) (350 -399 -60 ) (367.521739 -416.521739 -60 ) 
4 90 92 (337 -314 -60 ) (332 -319 -60 ) (332 -319 108 ) (337 -314 108 ) 
4 91 93 (339.826087 -388.826087 -60 ) (350 -386 -60 ) (350 -386 108 ) (339.826087 -388.826087 108 ) 
4 91 96 (339.826087 -388.826087 108 ) (332 -381 108 ) (332 -381 -60 ) (339.826087 -388.826087 -60 ) 
4 92 94 (324 -314 -60 ) (319 -332 -60 ) (319 -332 108 ) (324 -314 108 ) 
4 93 96 (350 -399 108 ) (339.826087 -388.826087 108 ) (339.826087 -388.826087 -60 ) (350 -399 -60 ) 
4 94 160 (314 -338 -60 ) (314 -350 -60 ) (314 -350 24 ) (314 -338 24 ) 
4 94 149 (314 -314 -60 ) (314 -338 -60 ) (314 -338 -54 ) (314 -314 -54 ) 
4 94 132 (314 -338 -54 ) (314 -338 -48 ) (314 -314 -48 ) (314 -314 -54 ) 
4 94 114 (314 -338 -48 ) (314 -338 -42 ) (314 -314 -42 ) (314 -314 -48 ) 
4 94 113 (314 -338 -42 ) (314 -338 108 ) (314 -314 108 ) (314 -314 -42 ) 
4 95 161 (314 -363 84 ) (314 -363 108 ) (314 -350 108 ) (314 -350 84 ) 
4 95 164 (314 -350 -60 ) (314 -363 -60 ) (314 -363 84 ) (314 -350 84 ) 
4 95 96 (319 -368 108 ) (314 -363 108 ) (314 -363 -60 ) (319 -368 -60 ) 
3 96 231 (332 -560 -60 ) (419.913043 -472.086957 -60 ) (444.333333 -560 -3.833333 ) 
4 96 217 (314 -518 -60 ) (314 -560 -60 ) (314 -560 108 ) (314 -518 108 ) 
4 96 161 (314 -518 84 ) (314 -518 108 ) (314 -363 108 ) (314 -363 84 ) 
4 96 164 (314 -363 -60 ) (314 -518 -60 ) (314 -518 84 ) (314 -363 84 ) 
5 96 97 (314 -560 -60 ) (332 -560 -60 ) (444.333333 -560 -3.833333 ) (444.333333 -560 108 ) (314 -560 108 ) 
4 97 231 (326 -566 -60 ) (332 -560 -60 ) (542 -560 45 ) (542 -566 48 ) 
4 97 217 (314 -560 -60 ) (314 -566 -60 ) (314 -566 132 ) (314 -560 132 ) 
6 98 112 (206 -38 -60 ) (314 -38 -60 ) (314 -38 24 ) (278 -38 60 ) (242 -38 84 ) (206 -38 84 ) 
4 98 107 (266 -38 144 ) (206 -38 144 ) (206 -38 108 ) (266 -38 108 ) 
4 98 104 (278 -38 144 ) (266 -38 144 ) (266 -38 108 ) (278 -38 108 ) 
4 98 103 (314 -38 108 ) (314 -38 144 ) (278 -38 144 ) (278 -38 108 ) 
4 98 100 (206 -38 108 ) (206 -38 144 ) (206 -32 144 ) (206 -32 108 ) 
4 98 102 (206 -32 -60 ) (206 -38 -60 ) (206 -38 84 ) (206 -32 84 ) 
4 98 99 (206 155 -60 ) (206 -32 -60 ) (206 -32 144 ) (206 155 144 ) 
4 99 167 (74 166 108 ) (74 166 -60 ) (74 -32 -60 ) (74 -32 108 ) 
4 99 166 (74 166 144 ) (74 166 108 ) (74 -32 108 ) (74 -32 144 ) 
4 99 100 (206 -32 108 ) (206 -32 144 ) (182 -32 144 ) (182 -32 108 ) 
4 99 101 (182 -32 144 ) (74 -32 144 ) (74 -32 84 ) (182 -32 84 ) 
4 99 102 (74 -32 -60 ) (206 -32 -60 ) (206 -32 84 ) (74 -32 84 ) 
4 100 107 (206 -38 108 ) (206 -38 144 ) (182 -38 144 ) (182 -38 108 ) 
4 100 101 (182 -32 144 ) (182 -32 108 ) (182 -38 108 ) (182 -38 144 ) 
4 101 167 (74 -38 84 ) (74 -38 108 ) (74 -32 108 ) (74 -32 84 ) 
4 101 166 (74 -38 108 ) (74 -38 144 ) (74 -32 144 ) (74 -32 108 ) 
4 101 108 (110 -38 144 ) (98 -38 144 ) (98 -38 108 ) (110 -38 108 ) 
4 101 111 (98 -38 144 ) (74 -38 144 ) (74 -38 108 ) (98 -38 108 ) 
4 101 107 (182 -38 144 ) (110 -38 144 ) (110 -38 108 ) (182 -38 108 ) 
4 101 102 (74 -38 84 ) (74 -32 84 ) (182 -32 84 ) (182 -38 84 ) 
4 102 167 (74 -32 -60 ) (74 -38 -60 ) (74 -38 84 ) (74 -32 84 ) 
6 102 112 (74 -38 -60 ) (206 -38 -60 ) (206 -38 84 ) (146 -38 84 ) (110 -38 60 ) (74 -38 24 ) 
4 103 161 (278 -350 108 ) (314 -350 108 ) (314 -350 144 ) (278 -350 144 ) 
4 103 113 (314 -50 108 ) (314 -338 108 ) (278 -338 108 ) (278 -50 108 ) 
4 103 105 (278 -50 108 ) (278 -338 108 ) (278 -326 144 ) (278 -62 144 ) 
3 103 104 (278 -38 108 ) (278 -50 144 ) (278 -38 144 ) 
3 103 106 (278 -350 108 ) (278 -350 144 ) (278 -338 144 ) 
3 104 107 (266 -38 144 ) (266 -38 108 ) (266 -50 144 ) 
4 105 113 (278 -50 108 ) (278 -338 108 ) (266 -338 108 ) (266 -50 108 ) 
4 105 107 (266 -50 108 ) (266 -338 108 ) (266 -326 144 ) (266 -62 144 ) 
4 106 161 (266 -350 108 ) (278 -350 108 ) (278 -350 144 ) (266 -350 144 ) 
3 106 107 (266 -350 108 ) (266 -350 144 ) (266 -338 144 ) 
4 107 162 (182 -350 108 ) (206 -350 108 ) (206 -350 144 ) (182 -350 144 ) 
4 107 161 (206 -350 108 ) (266 -350 108 ) (266 -350 144 ) (206 -350 144 ) 
4 107 165 (110 -350 108 ) (182 -350 108 ) (182 -350 144 ) (110 -350 144 ) 
4 107 113 (266 -50 108 ) (266 -338 108 ) (110 -338 108 ) (110 -50 108 ) 
4 107 109 (110 -50 108 ) (110 -338 108 ) (110 -326 144 ) (110 -62 144 ) 
3 107 110 (110 -350 108 ) (110 -350 144 ) (110 -338 144 ) 
3 107 108 (110 -38 108 ) (110 -50 144 ) (110 -38 144 ) 
3 108 111 (98 -38 144 ) (98 -38 108 ) (98 -50 144 ) 
4 109 113 (110 -50 108 ) (110 -338 108 ) (98 -338 108 ) (98 -50 108 ) 
4 109 111 (98 -50 108 ) (98 -338 108 ) (98 -326 144 ) (98 -62 144 ) 
4 110 165 (98 -350 108 ) (110 -350 108 ) (110 -350 144 ) (98 -350 144 ) 
3 110 111 (98 -350 108 ) (98 -350 144 ) (98 -338 144 ) 
4 111 196 (74 -350 108 ) (74 -350 144 ) (74 -314 144 ) (74 -314 108 ) 
4 111 190 (74 -290 144 ) (74 -278 144 ) (74 -278 108 ) (74 -290 108 ) 
4 111 192 (74 -314 144 ) (74 -290 144 ) (74 -290 108 ) (74 -314 108 ) 
4 111 180 (74 -110 144 ) (74 -98 144 ) (74 -98 108 ) (74 -110 108 ) 
4 111 179 (74 -98 144 ) (74 -74 144 ) (74 -74 108 ) (74 -98 108 ) 
4 111 182 (74 -278 144 ) (74 -110 144 ) (74 -110 108 ) (74 -278 108 ) 
4 111 166 (74 -74 144 ) (74 -38 144 ) (74 -38 108 ) (74 -74 108 ) 
4 111 165 (74 -350 144 ) (74 -350 108 ) (98 -350 108 ) (98 -350 144 ) 
4 111 113 (74 -338 108 ) (74 -50 108 ) (98 -50 108 ) (98 -338 108 ) 
4 112 168 (74 -38 -60 ) (74 -50 -60 ) (74 -50 24 ) (74 -38 24 ) 
4 112 156 (142.400000 -50 -60 ) (173 -50 -60 ) (173 -50 -54 ) (142.400000 -50 -54 ) 
4 112 150 (173 -50 -60 ) (245.600000 -50 -60 ) (245.600000 -50 -54 ) (173 -50 -54 ) 
4 112 158 (74 -50 -54 ) (74 -50 -60 ) (142.400000 -50 -60 ) (142.400000 -50 -54 ) 
4 112 148 (245.600000 -50 -60 ) (314 -50 -60 ) (314 -50 -54 ) (245.600000 -50 -54 ) 
4 112 136 (158.257143 -50 -54 ) (222.676471 -50 -54 ) (222.941176 -50 -48 ) (158.257143 -50 -48 ) 
4 112 134 (222.676471 -50 -54 ) (223.742857 -50 -54 ) (223.742857 -50 -48 ) (222.941176 -50 -48 ) 
4 112 146 (85.742857 -50 -54 ) (158.257143 -50 -54 ) (158.257143 -50 -48 ) (85.742857 -50 -48 ) 
4 112 147 (74 -50 -48 ) (74 -50 -54 ) (85.742857 -50 -54 ) (85.742857 -50 -48 ) 
4 112 132 (223.742857 -50 -54 ) (314 -50 -54 ) (314 -50 -48 ) (223.742857 -50 -48 ) 
4 112 118 (177.961538 -50 -48 ) (202.520000 -50 -48 ) (202.800000 -50 -42 ) (177.961538 -50 -42 ) 
4 112 116 (202.520000 -50 -48 ) (204.038462 -50 -48 ) (204.038462 -50 -42 ) (202.800000 -50 -42 ) 
4 112 130 (102.038462 -50 -48 ) (177.961538 -50 -48 ) (177.961538 -50 -42 ) (102.038462 -50 -42 ) 
4 112 131 (74 -50 -42 ) (74 -50 -48 ) (102.038462 -50 -48 ) (102.038462 -50 -42 ) 
4 112 114 (204.038462 -50 -48 ) (314 -50 -48 ) (314 -50 -42 ) (204.038462 -50 -42 ) 
8 112 113 (74 -50 24 ) (74 -50 -42 ) (314 -50 -42 ) (314 -50 24 ) (278 -50 60 ) (242 -50 84 ) (146 -50 84 ) (110 -50 60 ) 
4 113 197 (74 -338 -42 ) (74 -338 108 ) (74 -314 108 ) (74 -314 -42 ) 
4 113 193 (74 -314 108 ) (74 -278 108 ) (74 -278 -42 ) (74 -314 -42 ) 
4 113 186 (74 -74 84 ) (74 -74 -42 ) (74 -278 -42 ) (74 -278 84 ) 
4 113 183 (74 -278 108 ) (74 -74 108 ) (74 -74 84 ) (74 -278 84 ) 
4 113 168 (74 -74 108 ) (74 -50 108 ) (74 -50 -42 ) (74 -74 -42 ) 
8 113 160 (74 -338 24 ) (74 -338 -42 ) (314 -338 -42 ) (314 -338 24 ) (278 -338 60 ) (242 -338 84 ) (146 -338 84 ) (110 -338 60 ) 
3 113 123 (191 -140 -42 ) (191.500000 -139.860000 -42 ) (217 -147 -42 ) 
3 113 125 (191 -242 -42 ) (190.500000 -242.140000 -42 ) (165 -235 -42 ) 
3 113 126 (216 -235 -42 ) (204.843750 -246.156250 -42 ) (190.500000 -242.140000 -42 ) 
3 113 127 (204.843750 -246.156250 -42 ) (190.500000 -260.500000 -42 ) (165 -235 -42 ) 
3 113 122 (191.500000 -139.860000 -42 ) (205.843750 -135.843750 -42 ) (217 -147 -42 ) 
3 113 121 (166 -147 -42 ) (192.189189 -122.189189 -42 ) (205.843750 -135.843750 -42 ) 
3 113 120 (235 -216 -42 ) (215.531250 -285.531250 -42 ) (190.500000 -260.500000 -42 ) 
3 113 119 (147 -165 -42 ) (165.666667 -95.666667 -42 ) (192.189189 -122.189189 -42 ) 
4 113 118 (177.961538 -50 -42 ) (202.800000 -50 -42 ) (235 -165 -42 ) (165.666667 -95.666667 -42 ) 
4 113 128 (215.531250 -285.531250 -42 ) (200.840000 -338 -42 ) (180.880000 -338 -42 ) (147 -217 -42 ) 
3 113 117 (242 -191 -42 ) (202.423077 -338 -42 ) (200.840000 -338 -42 ) 
3 113 129 (180.880000 -338 -42 ) (179.576923 -338 -42 ) (147 -217 -42 ) 
3 113 116 (202.800000 -50 -42 ) (204.038462 -50 -42 ) (235 -165 -42 ) 
3 113 130 (102.038462 -50 -42 ) (177.961538 -50 -42 ) (140 -191 -42 ) 
3 113 115 (242 -191 -42 ) (281.576923 -338 -42 ) (202.423077 -338 -42 ) 
4 113 131 (74 -338 -42 ) (74 -50 -42 ) (102.038462 -50 -42 ) (179.576923 -338 -42 ) 
4 113 114 (204.038462 -50 -42 ) (314 -50 -42 ) (314 -338 -42 ) (281.576923 -338 -42 ) 
4 114 160 (281.576923 -338 -48 ) (314 -338 -48 ) (314 -338 -42 ) (281.576923 -338 -42 ) 
3 114 138 (225.834711 -130.957497 -48 ) (225.834348 -130.956151 -48 ) (226 -131 -48 ) 
3 114 137 (225.834348 -130.956151 -48 ) (225.789474 -130.789474 -48 ) (226 -131 -48 ) 
4 114 136 (204.038462 -50 -48 ) (222.941176 -50 -48 ) (251 -156 -48 ) (225.789474 -130.789474 -48 ) 
3 114 134 (222.941176 -50 -48 ) (223.742857 -50 -48 ) (251 -156 -48 ) 
4 114 133 (260 -191 -48 ) (297.800000 -338 -48 ) (281.576923 -338 -48 ) (251.076271 -224.711864 -48 ) 
4 114 132 (223.742857 -50 -48 ) (314 -50 -48 ) (314 -338 -48 ) (297.800000 -338 -48 ) 
4 114 116 (204.038462 -50 -42 ) (204.038462 -50 -48 ) (242 -191 -48 ) (235 -165 -42 ) 
4 114 115 (242 -191 -48 ) (281.576923 -338 -48 ) (281.576923 -338 -42 ) (242 -191 -42 ) 
4 115 160 (202.423077 -338 -48 ) (281.576923 -338 -48 ) (281.576923 -338 -42 ) (202.423077 -338 -42 ) 
4 115 135 (251 -225 -48 ) (221.088235 -338 -48 ) (202.423077 -338 -48 ) (226.157895 -249.842105 -48 ) 
3 115 133 (251.076271 -224.711864 -48 ) (281.576923 -338 -48 ) (221.088235 -338 -48 ) 
4 115 117 (242 -191 -42 ) (235 -217 -48 ) (202.423077 -338 -48 ) (202.423077 -338 -42 ) 
4 116 138 (225.834348 -130.956151 -48 ) (225.834711 -130.957497 -48 ) (225.137931 -130.778325 -48 ) (225.135959 -130.771283 -48 ) 
4 116 137 (225.789474 -130.789474 -48 ) (225.834348 -130.956151 -48 ) (225.135959 -130.771283 -48 ) (224.888889 -129.888889 -48 ) 
4 116 136 (202.520000 -50 -48 ) (204.038462 -50 -48 ) (225.789474 -130.789474 -48 ) (224.888889 -129.888889 -48 ) 
4 116 118 (235 -165 -42 ) (202.800000 -50 -42 ) (202.520000 -50 -48 ) (235 -166 -48 ) 
4 117 160 (201.120000 -338 -48 ) (202.423077 -338 -48 ) (202.423077 -338 -42 ) (200.840000 -338 -42 ) 
4 117 135 (226.157895 -249.842105 -48 ) (202.423077 -338 -48 ) (201.120000 -338 -48 ) (225.666667 -250.333333 -48 ) 
4 117 120 (235 -217 -48 ) (215.968750 -284.968750 -48 ) (215.531250 -285.531250 -42 ) (235 -216 -42 ) 
4 117 128 (215.968750 -284.968750 -48 ) (201.120000 -338 -48 ) (200.840000 -338 -42 ) (215.531250 -285.531250 -42 ) 
4 118 138 (225.135959 -130.771283 -48 ) (225.137931 -130.778325 -48 ) (191 -122 -48 ) (190.640000 -121.640000 -48 ) 
5 118 137 (224.888889 -129.888889 -48 ) (225.135959 -130.771283 -48 ) (190.640000 -121.640000 -48 ) (178 -109 -48 ) (191 -96 -48 ) 
4 118 141 (178 -109 -48 ) (165.454545 -96.454545 -48 ) (170.969697 -75.969697 -48 ) (191 -96 -48 ) 
4 118 136 (177.961538 -50 -48 ) (202.520000 -50 -48 ) (224.888889 -129.888889 -48 ) (170.969697 -75.969697 -48 ) 
4 118 122 (217 -147 -42 ) (205.843750 -135.843750 -42 ) (205.062500 -136.062500 -48 ) (216 -147 -48 ) 
4 118 121 (205.843750 -135.843750 -42 ) (192.189189 -122.189189 -42 ) (191.675676 -122.675676 -48 ) (205.062500 -136.062500 -48 ) 
4 118 119 (192.189189 -122.189189 -42 ) (165.666667 -95.666667 -42 ) (165.454545 -96.454545 -48 ) (191.675676 -122.675676 -48 ) 
4 118 130 (177.961538 -50 -48 ) (165.454545 -96.454545 -48 ) (165.666667 -95.666667 -42 ) (177.961538 -50 -42 ) 
4 119 139 (156.165289 -130.957497 -48 ) (156.210526 -130.789474 -48 ) (170.318182 -116.681818 -48 ) (191 -122 -48 ) 
4 119 138 (170.318182 -116.681818 -48 ) (170.651163 -116.348837 -48 ) (190.640000 -121.640000 -48 ) (191 -122 -48 ) 
3 119 137 (170.651163 -116.348837 -48 ) (178 -109 -48 ) (190.640000 -121.640000 -48 ) 
3 119 141 (156.210526 -130.789474 -48 ) (165.454545 -96.454545 -48 ) (178 -109 -48 ) 
4 119 121 (166 -147 -48 ) (191.675676 -122.675676 -48 ) (192.189189 -122.189189 -42 ) (166 -147 -42 ) 
4 119 130 (165.454545 -96.454545 -48 ) (147 -165 -48 ) (147 -165 -42 ) (165.666667 -95.666667 -42 ) 
4 120 142 (225 -251 -48 ) (203.500000 -272.500000 -48 ) (191.500000 -260.500000 -48 ) (192.360000 -259.640000 -48 ) 
3 120 135 (225.666667 -250.333333 -48 ) (215.968750 -284.968750 -48 ) (203.500000 -272.500000 -48 ) 
4 120 126 (217 -235 -48 ) (205.843750 -246.156250 -48 ) (204.843750 -246.156250 -42 ) (216 -235 -42 ) 
4 120 127 (205.843750 -246.156250 -48 ) (191.500000 -260.500000 -48 ) (190.500000 -260.500000 -42 ) (204.843750 -246.156250 -42 ) 
4 120 128 (191.500000 -260.500000 -48 ) (215.968750 -284.968750 -48 ) (215.531250 -285.531250 -42 ) (190.500000 -260.500000 -42 ) 
3 121 123 (191 -140 -48 ) (191.500000 -139.860000 -42 ) (191 -140 -42 ) 
4 121 122 (191 -140 -48 ) (205.062500 -136.062500 -48 ) (205.843750 -135.843750 -42 ) (191.500000 -139.860000 -42 ) 
3 122 123 (191 -140 -48 ) (217 -147 -42 ) (191.500000 -139.860000 -42 ) 
3 124 126 (191.509804 -242.137255 -48 ) (217 -235 -48 ) (191 -242 -42 ) 
3 124 125 (191 -242 -48 ) (191.509804 -242.137255 -48 ) (191 -242 -42 ) 
4 125 126 (191.500000 -242.140000 -48 ) (191.509804 -242.137255 -48 ) (191 -242 -42 ) (190.500000 -242.140000 -42 ) 
4 125 127 (165 -235 -42 ) (191 -242 -48 ) (191.500000 -242.140000 -48 ) (190.500000 -242.140000 -42 ) 
4 126 127 (191.500000 -242.140000 -48 ) (205.843750 -246.156250 -48 ) (204.843750 -246.156250 -42 ) (190.500000 -242.140000 -42 ) 
3 127 142 (192.360000 -259.640000 -48 ) (191.500000 -260.500000 -48 ) (191 -260 -48 ) 
4 127 128 (166 -235 -48 ) (191.500000 -260.500000 -48 ) (190.500000 -260.500000 -42 ) (165 -235 -42 ) 
4 128 160 (181.160000 -338 -48 ) (201.120000 -338 -48 ) (200.840000 -338 -42 ) (180.880000 -338 -42 ) 
4 128 140 (157.111111 -252.111111 -48 ) (156.862069 -251.221675 -48 ) (191 -260 -48 ) (170.441860 -265.441860 -48 ) 
4 128 142 (191 -260 -48 ) (203.500000 -272.500000 -48 ) (190.500000 -285.500000 -48 ) (170.441860 -265.441860 -48 ) 
4 128 143 (157.523702 -253.584650 -48 ) (157.111111 -252.111111 -48 ) (190.500000 -285.500000 -48 ) (189.333333 -286.666667 -48 ) 
3 128 144 (171.718750 -304.281250 -48 ) (157.523702 -253.584650 -48 ) (189.333333 -286.666667 -48 ) 
5 128 135 (215.968750 -284.968750 -48 ) (201.120000 -338 -48 ) (181.160000 -338 -48 ) (171.718750 -304.281250 -48 ) (203.500000 -272.500000 -48 ) 
4 128 129 (147 -216 -48 ) (181.160000 -338 -48 ) (180.880000 -338 -42 ) (147 -217 -42 ) 
4 129 160 (179.576923 -338 -48 ) (181.160000 -338 -48 ) (180.880000 -338 -42 ) (179.576923 -338 -42 ) 
4 129 140 (156.210526 -251.210526 -48 ) (156.165289 -251.042503 -48 ) (156.862069 -251.221675 -48 ) (157.111111 -252.111111 -48 ) 
4 129 143 (156.587607 -252.611111 -48 ) (156.210526 -251.210526 -48 ) (157.111111 -252.111111 -48 ) (157.523702 -253.584650 -48 ) 
4 129 144 (170.757576 -305.242424 -48 ) (156.587607 -252.611111 -48 ) (157.523702 -253.584650 -48 ) (171.718750 -304.281250 -48 ) 
4 129 135 (181.160000 -338 -48 ) (179.576923 -338 -48 ) (170.757576 -305.242424 -48 ) (171.718750 -304.281250 -48 ) 
4 129 131 (140 -191 -48 ) (179.576923 -338 -48 ) (179.576923 -338 -42 ) (147 -217 -42 ) 
3 130 139 (156.210526 -130.789474 -48 ) (156.165289 -130.957497 -48 ) (156 -131 -48 ) 
4 130 141 (170.969697 -75.969697 -48 ) (156.210526 -130.789474 -48 ) (131 -156 -48 ) (155.545455 -60.545455 -48 ) 
4 130 136 (158.257143 -50 -48 ) (177.961538 -50 -48 ) (170.969697 -75.969697 -48 ) (155.545455 -60.545455 -48 ) 
3 130 146 (102.038462 -50 -48 ) (158.257143 -50 -48 ) (130.793319 -156.803758 -48 ) 
4 130 131 (102.038462 -50 -48 ) (140 -191 -48 ) (140 -191 -42 ) (102.038462 -50 -42 ) 
4 131 197 (74 -338 -48 ) (74 -338 -42 ) (74 -314 -42 ) (74 -314 -48 ) 
4 131 193 (74 -314 -42 ) (74 -278 -42 ) (74 -278 -48 ) (74 -314 -48 ) 
4 131 186 (74 -278 -42 ) (74 -74 -42 ) (74 -74 -48 ) (74 -278 -48 ) 
4 131 168 (74 -74 -42 ) (74 -50 -42 ) (74 -50 -48 ) (74 -74 -48 ) 
4 131 160 (74 -338 -42 ) (74 -338 -48 ) (179.576923 -338 -48 ) (179.576923 -338 -42 ) 
3 131 140 (156.165289 -251.042503 -48 ) (156.210526 -251.210526 -48 ) (156 -251 -48 ) 
3 131 143 (156.210526 -251.210526 -48 ) (156.587607 -252.611111 -48 ) (131 -226 -48 ) 
4 131 144 (156.587607 -252.611111 -48 ) (170.757576 -305.242424 -48 ) (155.906977 -320.093023 -48 ) (131 -226 -48 ) 
4 131 135 (170.757576 -305.242424 -48 ) (179.576923 -338 -48 ) (160.647059 -338 -48 ) (155.906977 -320.093023 -48 ) 
3 131 145 (160.647059 -338 -48 ) (159.800000 -338 -48 ) (131 -226 -48 ) 
4 131 146 (85.742857 -50 -48 ) (102.038462 -50 -48 ) (130.793319 -156.803758 -48 ) (122 -191 -48 ) 
4 131 147 (74 -338 -48 ) (74 -50 -48 ) (85.742857 -50 -48 ) (159.800000 -338 -48 ) 
4 132 160 (297.800000 -338 -54 ) (314 -338 -54 ) (314 -338 -48 ) (297.800000 -338 -48 ) 
4 132 150 (241.307692 -118.307692 -54 ) (223.742857 -50 -54 ) (245.600000 -50 -54 ) (272 -149 -54 ) 
5 132 149 (314 -338 -54 ) (297.800000 -338 -54 ) (272.174545 -238.345455 -54 ) (284 -194 -54 ) (314 -306.500000 -54 ) 
3 132 148 (245.600000 -50 -54 ) (314 -50 -54 ) (314 -306.500000 -54 ) 
4 132 134 (223.742857 -50 -54 ) (260 -191 -54 ) (251 -156 -48 ) (223.742857 -50 -48 ) 
4 132 133 (260 -191 -54 ) (297.800000 -338 -54 ) (297.800000 -338 -48 ) (260 -191 -48 ) 
4 133 160 (221.088235 -338 -54 ) (297.800000 -338 -54 ) (297.800000 -338 -48 ) (221.088235 -338 -48 ) 
3 133 154 (238.400000 -272.600000 -54 ) (238.525316 -272.126582 -54 ) (239 -272 -54 ) 
4 133 151 (245.600000 -338 -54 ) (221.088235 -338 -54 ) (238.400000 -272.600000 -54 ) (272 -239 -54 ) 
3 133 149 (297.800000 -338 -54 ) (245.600000 -338 -54 ) (272.174545 -238.345455 -54 ) 
4 133 135 (251 -225 -54 ) (221.088235 -338 -54 ) (221.088235 -338 -48 ) (251 -225 -48 ) 
4 134 150 (222.676471 -50 -54 ) (223.742857 -50 -54 ) (241.307692 -118.307692 -54 ) (240.560000 -117.560000 -54 ) 
4 134 136 (222.676471 -50 -54 ) (251 -157 -54 ) (251 -156 -48 ) (222.941176 -50 -48 ) 
4 135 160 (160.911765 -338 -54 ) (221.088235 -338 -54 ) (221.088235 -338 -48 ) (160.647059 -338 -48 ) 
4 135 154 (238.525316 -272.126582 -54 ) (238.400000 -272.600000 -54 ) (220.052632 -290.947368 -54 ) (194 -284 -54 ) 
4 135 155 (194 -317 -54 ) (176.500000 -299.500000 -54 ) (192.421053 -283.578947 -54 ) (220.052632 -290.947368 -54 ) 
4 135 151 (221.088235 -338 -54 ) (215 -338 -54 ) (194 -317 -54 ) (238.400000 -272.600000 -54 ) 
4 135 157 (215 -338 -54 ) (160.911765 -338 -54 ) (156.116279 -319.883721 -54 ) (176.500000 -299.500000 -54 ) 
4 135 142 (225 -251 -54 ) (190.500000 -285.500000 -54 ) (190.500000 -285.500000 -48 ) (225 -251 -48 ) 
4 135 143 (190.500000 -285.500000 -54 ) (189.823529 -286.176471 -54 ) (189.333333 -286.666667 -48 ) (190.500000 -285.500000 -48 ) 
4 135 144 (189.823529 -286.176471 -54 ) (156.116279 -319.883721 -54 ) (155.906977 -320.093023 -48 ) (189.333333 -286.666667 -48 ) 
4 135 145 (156.116279 -319.883721 -54 ) (160.911765 -338 -54 ) (160.647059 -338 -48 ) (155.906977 -320.093023 -48 ) 
4 136 152 (194 -71 -54 ) (239 -116 -54 ) (199.454545 -105.454545 -54 ) (179.500000 -85.500000 -54 ) 
5 136 156 (155.340909 -61.340909 -54 ) (158.257143 -50 -54 ) (173 -50 -54 ) (194 -71 -54 ) (179.500000 -85.500000 -54 ) 
3 136 150 (173 -50 -54 ) (222.676471 -50 -54 ) (240.560000 -117.560000 -54 ) 
4 136 137 (190.500000 -96.500000 -54 ) (225 -131 -54 ) (226 -131 -48 ) (191 -96 -48 ) 
4 136 141 (155.340909 -61.340909 -54 ) (190.500000 -96.500000 -54 ) (191 -96 -48 ) (155.545455 -60.545455 -48 ) 
4 136 146 (158.257143 -50 -48 ) (158.257143 -50 -54 ) (155.340909 -61.340909 -54 ) (155.545455 -60.545455 -48 ) 
3 137 153 (179 -108 -54 ) (185.315789 -101.684211 -54 ) (194 -104 -54 ) 
3 137 152 (185.315789 -101.684211 -54 ) (190.500000 -96.500000 -54 ) (199.454545 -105.454545 -54 ) 
4 137 138 (170.441860 -116.558140 -54 ) (191 -122 -54 ) (226 -131 -48 ) (170.651163 -116.348837 -48 ) 
4 137 141 (190.500000 -96.500000 -54 ) (170.441860 -116.558140 -54 ) (170.651163 -116.348837 -48 ) (191 -96 -48 ) 
4 138 139 (170.318182 -116.681818 -54 ) (191 -122 -54 ) (191 -122 -48 ) (170.318182 -116.681818 -48 ) 
4 138 141 (170.441860 -116.558140 -54 ) (170.318182 -116.681818 -54 ) (170.318182 -116.681818 -48 ) (170.651163 -116.348837 -48 ) 
4 139 141 (170.318182 -116.681818 -54 ) (156 -131 -54 ) (156 -131 -48 ) (170.318182 -116.681818 -48 ) 
4 140 142 (170.441860 -265.441860 -54 ) (191 -260 -54 ) (191 -260 -48 ) (170.441860 -265.441860 -48 ) 
4 140 143 (156 -251 -54 ) (170.441860 -265.441860 -54 ) (170.441860 -265.441860 -48 ) (156 -251 -48 ) 
4 141 153 (149 -116 -54 ) (167.947368 -97.052632 -54 ) (185.315789 -101.684211 -54 ) (179 -108 -54 ) 
4 141 152 (167.947368 -97.052632 -54 ) (179.500000 -85.500000 -54 ) (190.500000 -96.500000 -54 ) (185.315789 -101.684211 -54 ) 
3 141 156 (138.615385 -126.384615 -54 ) (155.340909 -61.340909 -54 ) (179.500000 -85.500000 -54 ) 
4 141 146 (155.340909 -61.340909 -54 ) (131 -156 -54 ) (131 -156 -48 ) (155.545455 -60.545455 -48 ) 
3 142 155 (192.421053 -283.578947 -54 ) (190.500000 -285.500000 -54 ) (187.181818 -282.181818 -54 ) 
4 142 143 (170.441860 -265.441860 -54 ) (190.500000 -285.500000 -54 ) (190.500000 -285.500000 -48 ) (170.441860 -265.441860 -48 ) 
4 143 155 (190.500000 -285.500000 -54 ) (189.823529 -286.176471 -54 ) (185.568966 -281.751724 -54 ) (187.181818 -282.181818 -54 ) 
4 143 144 (131 -226 -48 ) (156 -251 -54 ) (189.823529 -286.176471 -54 ) (189.333333 -286.666667 -48 ) 
4 144 155 (185.568966 -281.751724 -54 ) (189.823529 -286.176471 -54 ) (176.500000 -299.500000 -54 ) (149 -272 -54 ) 
3 144 157 (156.116279 -319.883721 -54 ) (141.440000 -264.440000 -54 ) (176.500000 -299.500000 -54 ) 
4 144 145 (131 -225 -54 ) (156.116279 -319.883721 -54 ) (155.906977 -320.093023 -48 ) (131 -226 -48 ) 
4 145 160 (159.800000 -338 -54 ) (160.911765 -338 -54 ) (160.647059 -338 -48 ) (159.800000 -338 -48 ) 
4 145 157 (160.911765 -338 -54 ) (159.800000 -338 -54 ) (140.692308 -263.692308 -54 ) (141.440000 -264.440000 -54 ) 
4 145 147 (122 -191 -54 ) (159.800000 -338 -54 ) (159.800000 -338 -48 ) (131 -226 -48 ) 
4 146 156 (116 -149 -54 ) (142.400000 -50 -54 ) (158.257143 -50 -54 ) (138.615385 -126.384615 -54 ) 
3 146 158 (113.556364 -158.163636 -54 ) (85.742857 -50 -54 ) (142.400000 -50 -54 ) 
4 146 147 (85.742857 -50 -48 ) (85.742857 -50 -54 ) (122 -191 -54 ) (122 -191 -48 ) 
4 147 197 (74 -338 -54 ) (74 -338 -48 ) (74 -314 -48 ) (74 -314 -54 ) 
4 147 193 (74 -314 -48 ) (74 -278 -48 ) (74 -278 -54 ) (74 -314 -54 ) 
4 147 186 (74 -278 -48 ) (74 -74 -48 ) (74 -74 -54 ) (74 -278 -54 ) 
4 147 168 (74 -74 -48 ) (74 -50 -48 ) (74 -50 -54 ) (74 -74 -54 ) 
4 147 160 (74 -338 -48 ) (74 -338 -54 ) (159.800000 -338 -54 ) (159.800000 -338 -48 ) 
4 147 157 (159.800000 -338 -54 ) (142.400000 -338 -54 ) (116 -239 -54 ) (140.692308 -263.692308 -54 ) 
5 147 158 (104 -194 -54 ) (74 -81.500000 -54 ) (74 -50 -54 ) (85.742857 -50 -54 ) (113.556364 -158.163636 -54 ) 
3 147 159 (142.400000 -338 -54 ) (74 -338 -54 ) (74 -81.500000 -54 ) 
4 148 150 (245.600000 -50 -54 ) (245.600000 -50 -60 ) (272 -149 -60 ) (272 -149 -54 ) 
4 148 149 (284 -194 -60 ) (314 -306.500000 -60 ) (314 -306.500000 -54 ) (284 -194 -54 ) 
4 149 160 (245.600000 -338 -60 ) (314 -338 -60 ) (314 -338 -54 ) (245.600000 -338 -54 ) 
4 149 151 (272 -239 -60 ) (245.600000 -338 -60 ) (245.600000 -338 -54 ) (272 -239 -54 ) 
4 150 152 (194 -71 -60 ) (239 -116 -60 ) (239 -116 -54 ) (194 -71 -54 ) 
4 150 156 (173 -50 -54 ) (173 -50 -60 ) (194 -71 -60 ) (194 -71 -54 ) 
4 151 160 (215 -338 -60 ) (245.600000 -338 -60 ) (245.600000 -338 -54 ) (215 -338 -54 ) 
4 151 154 (239 -272 -60 ) (220.052632 -290.947368 -60 ) (220.052632 -290.947368 -54 ) (239 -272 -54 ) 
4 151 155 (220.052632 -290.947368 -60 ) (194 -317 -60 ) (194 -317 -54 ) (220.052632 -290.947368 -54 ) 
4 151 157 (194 -317 -60 ) (215 -338 -60 ) (215 -338 -54 ) (194 -317 -54 ) 
4 152 153 (167.947368 -97.052632 -60 ) (194 -104 -60 ) (194 -104 -54 ) (167.947368 -97.052632 -54 ) 
4 152 156 (194 -71 -60 ) (167.947368 -97.052632 -60 ) (167.947368 -97.052632 -54 ) (194 -71 -54 ) 
4 153 156 (167.947368 -97.052632 -60 ) (149 -116 -60 ) (149 -116 -54 ) (167.947368 -97.052632 -54 ) 
4 154 155 (194 -284 -60 ) (220.052632 -290.947368 -60 ) (220.052632 -290.947368 -54 ) (194 -284 -54 ) 
4 155 157 (149 -272 -60 ) (194 -317 -60 ) (194 -317 -54 ) (149 -272 -54 ) 
4 156 158 (142.400000 -50 -60 ) (116 -149 -60 ) (116 -149 -54 ) (142.400000 -50 -54 ) 
4 157 160 (142.400000 -338 -60 ) (215 -338 -60 ) (215 -338 -54 ) (142.400000 -338 -54 ) 
4 157 159 (142.400000 -338 -54 ) (116 -239 -54 ) (116 -239 -60 ) (142.400000 -338 -60 ) 
4 158 186 (74 -74 -60 ) (74 -81.500000 -60 ) (74 -81.500000 -54 ) (74 -74 -54 ) 
4 158 168 (74 -50 -60 ) (74 -74 -60 ) (74 -74 -54 ) (74 -50 -54 ) 
4 158 159 (104 -194 -54 ) (74 -81.500000 -54 ) (74 -81.500000 -60 ) (104 -194 -60 ) 
4 159 197 (74 -314 -60 ) (74 -338 -60 ) (74 -338 -54 ) (74 -314 -54 ) 
4 159 193 (74 -278 -60 ) (74 -314 -60 ) (74 -314 -54 ) (74 -278 -54 ) 
4 159 186 (74 -81.500000 -60 ) (74 -278 -60 ) (74 -278 -54 ) (74 -81.500000 -54 ) 
4 159 160 (74 -338 -54 ) (74 -338 -60 ) (142.400000 -338 -60 ) (142.400000 -338 -54 ) 
4 160 197 (74 -338 -60 ) (74 -350 -60 ) (74 -350 24 ) (74 -338 24 ) 
6 160 164 (182 -350 -60 ) (314 -350 -60 ) (314 -350 24 ) (278 -350 60 ) (242 -350 84 ) (182 -350 84 ) 
6 160 165 (74 -350 24 ) (74 -350 -60 ) (182 -350 -60 ) (182 -350 84 ) (146 -350 84 ) (110 -350 60 ) 
4 161 220 (206 -518 120 ) (206 -518 84 ) (230 -518 84 ) (230 -518 120 ) 
4 161 219 (230 -518 84 ) (242 -518 84 ) (242 -518 120 ) (230 -518 120 ) 
4 161 218 (242 -518 132 ) (206 -518 132 ) (206 -518 120 ) (242 -518 120 ) 
4 161 217 (314 -518 84 ) (314 -518 132 ) (242 -518 132 ) (242 -518 84 ) 
4 161 216 (314 -518 132 ) (314 -518 144 ) (206 -518 144 ) (206 -518 132 ) 
4 161 163 (206 -356 84 ) (206 -518 84 ) (206 -518 108 ) (206 -356 108 ) 
4 161 162 (206 -350 144 ) (206 -350 108 ) (206 -518 108 ) (206 -518 144 ) 
4 161 164 (206 -350 84 ) (314 -350 84 ) (314 -518 84 ) (206 -518 84 ) 
4 162 220 (182 -518 120 ) (182 -518 108 ) (206 -518 108 ) (206 -518 120 ) 
4 162 218 (182 -518 132 ) (182 -518 120 ) (206 -518 120 ) (206 -518 132 ) 
4 162 216 (206 -518 144 ) (182 -518 144 ) (182 -518 132 ) (206 -518 132 ) 
4 162 163 (206 -518 108 ) (182 -518 108 ) (182 -356 108 ) (206 -356 108 ) 
4 162 165 (182 -350 144 ) (182 -350 108 ) (182 -518 108 ) (182 -518 144 ) 
4 163 220 (182 -518 108 ) (182 -518 84 ) (206 -518 84 ) (206 -518 108 ) 
4 163 164 (206 -356 84 ) (206 -518 84 ) (182 -518 84 ) (182 -356 84 ) 
4 163 165 (182 -356 84 ) (182 -518 84 ) (182 -518 108 ) (182 -356 108 ) 
4 164 222 (182 -518 -60 ) (242 -518 -60 ) (242 -518 36 ) (182 -518 36 ) 
4 164 220 (230 -518 84 ) (182 -518 84 ) (182 -518 36 ) (230 -518 36 ) 
4 164 219 (242 -518 36 ) (242 -518 84 ) (230 -518 84 ) (230 -518 36 ) 
4 164 217 (242 -518 -60 ) (314 -518 -60 ) (314 -518 84 ) (242 -518 84 ) 
4 164 165 (182 -350 84 ) (182 -350 -60 ) (182 -518 -60 ) (182 -518 84 ) 
4 165 223 (74 -518 -60 ) (146 -518 -60 ) (146 -518 132 ) (74 -518 132 ) 
4 165 222 (146 -518 -60 ) (182 -518 -60 ) (182 -518 36 ) (146 -518 36 ) 
4 165 221 (158 -518 120 ) (146 -518 120 ) (146 -518 36 ) (158 -518 36 ) 
4 165 220 (182 -518 36 ) (182 -518 120 ) (158 -518 120 ) (158 -518 36 ) 
4 165 218 (182 -518 120 ) (182 -518 132 ) (146 -518 132 ) (146 -518 120 ) 
4 165 216 (182 -518 132 ) (182 -518 144 ) (74 -518 144 ) (74 -518 132 ) 
4 165 198 (74 -350 -60 ) (74 -518 -60 ) (74 -518 108 ) (74 -350 108 ) 
4 165 196 (74 -518 108 ) (74 -518 144 ) (74 -350 144 ) (74 -350 108 ) 
4 166 211 (-178 -74 120 ) (-184 -74 126 ) (-184 166 126 ) (-178 166 120 ) 
4 166 210 (-166 -74 108 ) (-178 -74 120 ) (-178 166 120 ) (-166 166 108 ) 
4 166 209 (-184 166 132 ) (-184 166 126 ) (-184 -74 126 ) (-184 -74 132 ) 
4 166 179 (32 -74 108 ) (74 -74 108 ) (74 -74 144 ) (32 -74 144 ) 
5 166 189 (-184 -74 126 ) (-166 -74 108 ) (32 -74 108 ) (32 -74 144 ) (-184 -74 144 ) 
3 166 172 (20 -7 108 ) (27.826087 0.826087 108 ) (38 -2 108 ) 
3 166 173 (56 -69 108 ) (51 -74 108 ) (38 -74 108 ) 
3 166 174 (38 -74 108 ) (25 -74 108 ) (20 -69 108 ) 
3 166 171 (27.826087 0.826087 108 ) (38 11 108 ) (56 -7 108 ) 
3 166 175 (7 -20 108 ) (20.478261 28.521739 108 ) (38 11 108 ) 
3 166 170 (69 -56 108 ) (64 -74 108 ) (51 -74 108 ) 
3 166 176 (25 -74 108 ) (12 -74 108 ) (7 -56 108 ) 
3 166 169 (38 91.600000 108 ) (69 -20 108 ) (20.478261 28.521739 108 ) 
4 166 177 (-54.666667 166 108 ) (17.333333 166 108 ) (38 91.600000 108 ) (2 -38 108 ) 
3 166 168 (74 -38 108 ) (74 -74 108 ) (64 -74 108 ) 
4 166 178 (-166 -74 108 ) (-166 166 108 ) (-54.666667 166 108 ) (12 -74 108 ) 
3 166 167 (17.333333 166 108 ) (74 166 108 ) (74 -38 108 ) 
3 167 229 (17.333333 166 -55.666667 ) (26 166 -60 ) (19.217391 159.217391 -60 ) 
4 167 169 (38 91.600000 -60 ) (69 -20 -60 ) (69 -20 108 ) (38 91.600000 108 ) 
5 167 177 (17.333333 166 108 ) (17.333333 166 -55.666667 ) (19.217391 159.217391 -60 ) (38 91.600000 -60 ) (38 91.600000 108 ) 
4 168 186 (64 -74 -60 ) (74 -74 -60 ) (74 -74 84 ) (64 -74 84 ) 
4 168 183 (74 -74 84 ) (74 -74 108 ) (64 -74 108 ) (64 -74 84 ) 
4 168 170 (69 -56 -60 ) (64 -74 -60 ) (64 -74 108 ) (69 -56 108 ) 
4 169 171 (38 11 -60 ) (56 -7 -60 ) (56 -7 108 ) (38 11 108 ) 
4 169 175 (20.478261 28.521739 -60 ) (38 11 -60 ) (38 11 108 ) (20.478261 28.521739 108 ) 
4 169 177 (20.478261 28.521739 108 ) (38 91.600000 108 ) (38 91.600000 -60 ) (20.478261 28.521739 -60 ) 
4 170 186 (51 -74 -60 ) (64 -74 -60 ) (64 -74 84 ) (51 -74 84 ) 
4 170 183 (64 -74 84 ) (64 -74 108 ) (51 -74 108 ) (51 -74 84 ) 
4 170 173 (56 -69 -60 ) (51 -74 -60 ) (51 -74 108 ) (56 -69 108 ) 
4 171 172 (27.826087 0.826087 -60 ) (38 -2 -60 ) (38 -2 108 ) (27.826087 0.826087 108 ) 
4 171 175 (38 11 -60 ) (27.826087 0.826087 -60 ) (27.826087 0.826087 108 ) (38 11 108 ) 
4 172 175 (27.826087 0.826087 -60 ) (20 -7 -60 ) (20 -7 108 ) (27.826087 0.826087 108 ) 
4 173 187 (38 -74 -60 ) (50 -74 -60 ) (50 -74 24 ) (38 -74 24 ) 
4 173 186 (50 -74 -60 ) (51 -74 -60 ) (51 -74 84 ) (50 -74 84 ) 
4 173 183 (51 -74 84 ) (51 -74 108 ) (50 -74 108 ) (50 -74 84 ) 
4 174 188 (32 -74 -60 ) (38 -74 -60 ) (38 -74 84 ) (32 -74 84 ) 
4 174 184 (38 -74 84 ) (38 -74 108 ) (32 -74 108 ) (32 -74 84 ) 
4 174 189 (25 -74 -60 ) (32 -74 -60 ) (32 -74 108 ) (25 -74 108 ) 
4 174 176 (20 -69 -60 ) (25 -74 -60 ) (25 -74 108 ) (20 -69 108 ) 
4 175 177 (7 -20 108 ) (20.478261 28.521739 108 ) (20.478261 28.521739 -60 ) (7 -20 -60 ) 
4 176 189 (12 -74 -60 ) (25 -74 -60 ) (25 -74 108 ) (12 -74 108 ) 
4 176 178 (12 -74 108 ) (7 -56 108 ) (7 -56 -60 ) (12 -74 -60 ) 
4 177 229 (-22 166 -36 ) (17.333333 166 -55.666667 ) (19.217391 159.217391 -60 ) (2 142 -60 ) 
4 177 210 (2 142 -60 ) (2 -38 -60 ) (-54.666667 166 -3.333333 ) (-22 166 -36 ) 
4 177 178 (2 -38 108 ) (-54.666667 166 108 ) (-54.666667 166 -3.333333 ) (2 -38 -60 ) 
5 178 210 (2 -38 -60 ) (2 -74 -60 ) (-166 -74 108 ) (-166 166 108 ) (-54.666667 166 -3.333333 ) 
4 178 189 (-166 -74 108 ) (2 -74 -60 ) (12 -74 -60 ) (12 -74 108 ) 
4 179 184 (32 -98 108 ) (32 -74 108 ) (38 -74 108 ) (38 -98 108 ) 
4 179 183 (50 -74 108 ) (74 -74 108 ) (74 -98 108 ) (50 -98 108 ) 
4 179 180 (50 -98 108 ) (74 -98 108 ) (74 -98 144 ) (62 -98 144 ) 
4 179 181 (32 -98 144 ) (32 -98 108 ) (38 -98 108 ) (50 -98 144 ) 
4 179 189 (32 -98 144 ) (32 -74 144 ) (32 -74 108 ) (32 -98 108 ) 
4 180 183 (50 -98 108 ) (74 -98 108 ) (74 -110 108 ) (50 -110 108 ) 
4 180 182 (74 -110 108 ) (74 -110 144 ) (62 -110 144 ) (50 -110 108 ) 
4 181 184 (32 -110 108 ) (32 -98 108 ) (38 -98 108 ) (38 -110 108 ) 
4 181 189 (32 -110 144 ) (32 -98 144 ) (32 -98 108 ) (32 -110 108 ) 
4 181 182 (50 -110 144 ) (32 -110 144 ) (32 -110 108 ) (38 -110 108 ) 
3 182 191 (50 -278 144 ) (38 -278 144 ) (38 -278 108 ) 
4 182 190 (74 -278 108 ) (74 -278 144 ) (62 -278 144 ) (50 -278 108 ) 
4 182 195 (38 -278 144 ) (32 -278 144 ) (32 -278 108 ) (38 -278 108 ) 
4 182 185 (32 -278 108 ) (32 -206 108 ) (38 -206 108 ) (38 -278 108 ) 
4 182 184 (32 -182 108 ) (32 -110 108 ) (38 -110 108 ) (38 -182 108 ) 
4 182 183 (50 -110 108 ) (74 -110 108 ) (74 -278 108 ) (50 -278 108 ) 
4 182 189 (32 -278 108 ) (32 -278 144 ) (32 -110 144 ) (32 -110 108 ) 
4 183 193 (74 -278 84 ) (74 -278 108 ) (50 -278 108 ) (50 -278 84 ) 
4 183 186 (74 -278 84 ) (50 -278 84 ) (50 -74 84 ) (74 -74 84 ) 
4 184 188 (32 -182 84 ) (32 -74 84 ) (38 -74 84 ) (38 -182 84 ) 
4 184 189 (32 -182 108 ) (32 -74 108 ) (32 -74 84 ) (32 -182 84 ) 
4 185 195 (38 -278 108 ) (32 -278 108 ) (32 -278 84 ) (38 -278 84 ) 
4 185 188 (38 -278 84 ) (32 -278 84 ) (32 -206 84 ) (38 -206 84 ) 
4 185 189 (32 -278 84 ) (32 -278 108 ) (32 -206 108 ) (32 -206 84 ) 
4 186 193 (50 -278 -60 ) (74 -278 -60 ) (74 -278 84 ) (50 -278 84 ) 
7 186 187 (50 -74 -60 ) (50 -278 -60 ) (50 -278 60 ) (50 -242 84 ) (50 -146 84 ) (50 -110 60 ) (50 -74 24 ) 
4 187 194 (38 -278 -60 ) (50 -278 -60 ) (50 -278 60 ) (38 -278 60 ) 
7 187 188 (38 -74 24 ) (38 -74 -60 ) (38 -278 -60 ) (38 -278 60 ) (38 -242 84 ) (38 -146 84 ) (38 -110 60 ) 
4 188 195 (32 -278 -60 ) (38 -278 -60 ) (38 -278 84 ) (32 -278 84 ) 
4 188 189 (32 -74 -60 ) (32 -278 -60 ) (32 -278 84 ) (32 -74 84 ) 
4 189 212 (-178 -278 120 ) (-184 -278 126 ) (-184 -242 126 ) (-178 -242 120 ) 
4 189 211 (-184 -146 126 ) (-184 -74 126 ) (-178 -74 120 ) (-178 -146 120 ) 
4 189 210 (2 -74 -60 ) (2 -278 -60 ) (-178 -278 120 ) (-178 -74 120 ) 
4 189 209 (-184 -74 126 ) (-184 -278 126 ) (-184 -278 132 ) (-184 -74 132 ) 
5 189 195 (-184 -278 144 ) (-184 -278 126 ) (2 -278 -60 ) (32 -278 -60 ) (32 -278 144 ) 
4 190 193 (50 -278 108 ) (74 -278 108 ) (74 -290 108 ) (50 -290 108 ) 
4 190 192 (50 -290 108 ) (74 -290 108 ) (74 -290 144 ) (62 -290 144 ) 
4 191 195 (38 -290 144 ) (38 -278 144 ) (38 -278 108 ) (38 -290 108 ) 
3 191 192 (38 -290 144 ) (38 -290 108 ) (50 -290 144 ) 
4 192 196 (74 -314 108 ) (74 -314 144 ) (38 -314 144 ) (38 -314 108 ) 
4 192 193 (74 -314 108 ) (50 -314 108 ) (50 -290 108 ) (74 -290 108 ) 
4 192 195 (38 -314 108 ) (38 -314 144 ) (38 -290 144 ) (38 -290 108 ) 
4 193 201 (50 -314 -60 ) (51 -314 -60 ) (51 -314 108 ) (50 -314 108 ) 
4 193 200 (51 -314 -60 ) (64 -314 -60 ) (64 -314 108 ) (51 -314 108 ) 
4 193 197 (64 -314 -60 ) (74 -314 -60 ) (74 -314 108 ) (64 -314 108 ) 
4 193 194 (50 -278 -60 ) (50 -314 -60 ) (50 -314 24 ) (50 -278 60 ) 
4 194 201 (38 -314 -60 ) (50 -314 -60 ) (50 -314 24 ) (38 -314 24 ) 
4 194 195 (38 -278 -60 ) (38 -314 -60 ) (38 -314 24 ) (38 -278 60 ) 
4 195 212 (-178 -314 120 ) (-184 -314 126 ) (-184 -278 126 ) (-178 -278 120 ) 
4 195 210 (2 -278 -60 ) (2 -314 -60 ) (-178 -314 120 ) (-178 -278 120 ) 
4 195 209 (-184 -278 126 ) (-184 -314 126 ) (-184 -314 132 ) (-184 -278 132 ) 
4 195 202 (25 -314 -60 ) (38 -314 -60 ) (38 -314 108 ) (25 -314 108 ) 
4 195 208 (-166 -314 108 ) (2 -314 -60 ) (25 -314 -60 ) (25 -314 108 ) 
5 195 196 (-184 -314 126 ) (-166 -314 108 ) (38 -314 108 ) (38 -314 144 ) (-184 -314 144 ) 
5 196 224 (-142 -518 132 ) (-184 -518 132 ) (-184 -518 126 ) (-166 -518 108 ) (-142 -518 108 ) 
4 196 223 (74 -518 108 ) (74 -518 132 ) (-142 -518 132 ) (-142 -518 108 ) 
4 196 216 (74 -518 132 ) (74 -518 144 ) (-184 -518 144 ) (-184 -518 132 ) 
4 196 212 (-178 -518 120 ) (-184 -518 126 ) (-184 -314 126 ) (-178 -314 120 ) 
4 196 210 (-166 -518 108 ) (-178 -518 120 ) (-178 -314 120 ) (-166 -314 108 ) 
4 196 209 (-184 -314 126 ) (-184 -518 126 ) (-184 -518 132 ) (-184 -314 132 ) 
3 196 203 (38 -386 108 ) (27.826087 -388.826087 108 ) (20 -381 108 ) 
3 196 202 (20 -319 108 ) (25 -314 108 ) (38 -314 108 ) 
3 196 204 (27.826087 -388.826087 108 ) (13.862464 -392.704871 108 ) (7 -368 108 ) 
3 196 205 (56 -381 108 ) (20.478261 -416.521739 108 ) (13.862464 -392.704871 108 ) 
3 196 206 (-0.826087 -339.826087 108 ) (7 -332 108 ) (2 -350 108 ) 
3 196 201 (38 -314 108 ) (51 -314 108 ) (56 -319 108 ) 
5 196 207 (-81 -518 108 ) (-166 -518 108 ) (-166 -505 108 ) (-0.826087 -339.826087 108 ) (20.478261 -416.521739 108 ) 
3 196 200 (51 -314 108 ) (64 -314 108 ) (69 -332 108 ) 
3 196 199 (27.333333 -518 108 ) (-81 -518 108 ) (69 -368 108 ) 
3 196 198 (74 -518 108 ) (27.333333 -518 108 ) (74 -350 108 ) 
3 196 208 (-166 -505 108 ) (-166 -314 108 ) (25 -314 108 ) 
3 196 197 (64 -314 108 ) (74 -314 108 ) (74 -350 108 ) 
4 197 200 (64 -314 108 ) (64 -314 -60 ) (69 -332 -60 ) (69 -332 108 ) 
4 198 223 (27.333333 -518 -60 ) (74 -518 -60 ) (74 -518 108 ) (27.333333 -518 108 ) 
4 198 199 (69 -368 -60 ) (27.333333 -518 -60 ) (27.333333 -518 108 ) (69 -368 108 ) 
5 199 223 (2 -518 -60 ) (27.333333 -518 -60 ) (27.333333 -518 108 ) (-81 -518 108 ) (-81 -518 23 ) 
3 199 210 (2 -435 -60 ) (2 -518 -60 ) (-81 -518 23 ) 
4 199 205 (20.478261 -416.521739 108 ) (56 -381 108 ) (56 -381 -60 ) (20.478261 -416.521739 -60 ) 
5 199 207 (-81 -518 108 ) (20.478261 -416.521739 108 ) (20.478261 -416.521739 -60 ) (2 -435 -60 ) (-81 -518 23 ) 
4 200 201 (51 -314 108 ) (51 -314 -60 ) (56 -319 -60 ) (56 -319 108 ) 
4 202 208 (20 -319 108 ) (25 -314 108 ) (25 -314 -60 ) (20 -319 -60 ) 
4 203 205 (27.826087 -388.826087 -60 ) (38 -386 -60 ) (38 -386 108 ) (27.826087 -388.826087 108 ) 
4 203 204 (20 -381 -60 ) (27.826087 -388.826087 -60 ) (27.826087 -388.826087 108 ) (20 -381 108 ) 
4 204 205 (13.862464 -392.704871 -60 ) (27.826087 -388.826087 -60 ) (27.826087 -388.826087 108 ) (13.862464 -392.704871 108 ) 
4 204 207 (7 -368 -60 ) (13.862464 -392.704871 -60 ) (13.862464 -392.704871 108 ) (7 -368 108 ) 
4 205 207 (13.862464 -392.704871 -60 ) (20.478261 -416.521739 -60 ) (20.478261 -416.521739 108 ) (13.862464 -392.704871 108 ) 
3 206 210 (2 -337 -60 ) (2 -350 -60 ) (-0.826087 -339.826087 -57.173913 ) 
5 206 208 (-0.826087 -339.826087 108 ) (7 -332 108 ) (7 -332 -60 ) (2 -337 -60 ) (-0.826087 -339.826087 -57.173913 ) 
4 206 207 (-0.826087 -339.826087 108 ) (-0.826087 -339.826087 -57.173913 ) (2 -350 -60 ) (2 -350 108 ) 
3 207 224 (-142 -518 108 ) (-166 -518 108 ) (-142 -518 84 ) 
4 207 223 (-81 -518 108 ) (-142 -518 108 ) (-142 -518 84 ) (-81 -518 23 ) 
6 207 210 (2 -350 -60 ) (2 -435 -60 ) (-81 -518 23 ) (-166 -518 108 ) (-166 -505 108 ) (-0.826087 -339.826087 -57.173913 ) 
3 207 208 (-166 -505 108 ) (-0.826087 -339.826087 108 ) (-0.826087 -339.826087 -57.173913 ) 
4 208 210 (2 -314 -60 ) (2 -337 -60 ) (-166 -505 108 ) (-166 -314 108 ) 
3 209 224 (-190 -518 132 ) (-184 -518 126 ) (-184 -518 132 ) 
4 209 212 (-184 -518 126 ) (-190 -518 132 ) (-190 -242 132 ) (-184 -242 126 ) 
4 209 211 (-190 -146 132 ) (-190 166 132 ) (-184 166 126 ) (-184 -146 126 ) 
4 210 229 (-178 166 42 ) (-22 166 -36 ) (2 142 -60 ) (-178 -38 -60 ) 
4 210 225 (-142 -518 -24 ) (-142 -518 60 ) (-178 -518 60 ) (-178 -518 -24 ) 
4 210 224 (-142 -518 60 ) (-142 -518 84 ) (-178 -518 120 ) (-178 -518 60 ) 
3 210 223 (-142 -518 -60 ) (2 -518 -60 ) (-142 -518 84 ) 
4 210 215 (-178 -518 120 ) (-178 -242 120 ) (-178 -242 -60 ) (-178 -518 -60 ) 
4 210 214 (-178 -146 36 ) (-178 -146 -60 ) (-178 -242 -60 ) (-178 -242 36 ) 
4 210 213 (-178 -230 120 ) (-178 -158 120 ) (-178 -158 36 ) (-178 -230 36 ) 
5 210 211 (-178 -146 120 ) (-178 166 120 ) (-178 166 42 ) (-178 -38 -60 ) (-178 -146 -60 ) 
4 211 229 (-190 166 48 ) (-178 166 42 ) (-178 -38 -60 ) (-190 -50 -60 ) 
4 211 214 (-190 -146 -60 ) (-178 -146 -60 ) (-178 -146 36 ) (-190 -146 24 ) 
3 212 224 (-178 -518 120 ) (-190 -518 132 ) (-190 -518 120 ) 
4 212 215 (-190 -242 120 ) (-178 -242 120 ) (-178 -518 120 ) (-190 -518 120 ) 
4 214 215 (-190 -242 -60 ) (-178 -242 -60 ) (-178 -242 36 ) (-190 -242 24 ) 
4 215 225 (-178 -518 -24 ) (-178 -518 60 ) (-190 -518 60 ) (-190 -518 -24 ) 
4 215 224 (-178 -518 60 ) (-178 -518 120 ) (-190 -518 120 ) (-190 -518 60 ) 
4 216 224 (-184 -518 132 ) (-142 -518 132 ) (-142 -560 132 ) (-184 -560 132 ) 
4 216 223 (-142 -518 132 ) (146 -518 132 ) (146 -560 132 ) (-142 -560 132 ) 
4 216 218 (146 -518 132 ) (242 -518 132 ) (242 -560 132 ) (146 -560 132 ) 
4 216 217 (242 -518 132 ) (314 -518 132 ) (314 -560 132 ) (242 -560 132 ) 
5 217 222 (242 -518 36 ) (242 -518 -60 ) (242 -566 -60 ) (242 -566 24 ) (242 -554 36 ) 
4 217 219 (242 -518 120 ) (242 -518 36 ) (242 -554 36 ) (242 -554 120 ) 
4 217 218 (242 -518 132 ) (242 -518 120 ) (242 -554 120 ) (242 -566 132 ) 
4 218 223 (146 -566 132 ) (146 -518 132 ) (146 -518 120 ) (146 -554 120 ) 
4 218 221 (146 -554 120 ) (146 -518 120 ) (158 -518 120 ) (158 -554 120 ) 
4 218 220 (158 -518 120 ) (230 -518 120 ) (230 -554 120 ) (158 -554 120 ) 
4 218 219 (230 -518 120 ) (242 -518 120 ) (242 -554 120 ) (230 -554 120 ) 
4 219 222 (230 -518 36 ) (242 -518 36 ) (242 -554 36 ) (230 -554 36 ) 
4 219 220 (230 -518 36 ) (230 -554 36 ) (230 -554 120 ) (230 -518 120 ) 
4 220 222 (158 -518 36 ) (230 -518 36 ) (230 -554 36 ) (158 -554 36 ) 
4 220 221 (158 -518 120 ) (158 -518 36 ) (158 -554 36 ) (158 -554 120 ) 
4 221 223 (146 -554 120 ) (146 -518 120 ) (146 -518 36 ) (146 -554 36 ) 
4 221 222 (146 -554 36 ) (146 -518 36 ) (158 -518 36 ) (158 -554 36 ) 
5 222 223 (146 -554 36 ) (146 -518 36 ) (146 -518 -60 ) (146 -566 -60 ) (146 -566 24 ) 
4 223 226 (-142 -542 -24 ) (-142 -566 -24 ) (-142 -566 60 ) (-142 -542 60 ) 
4 223 225 (-142 -518 60 ) (-142 -518 -24 ) (-142 -542 -24 ) (-142 -542 60 ) 
4 223 224 (-142 -566 132 ) (-142 -518 132 ) (-142 -518 60 ) (-142 -566 60 ) 
4 224 226 (-142 -566 60 ) (-166 -566 60 ) (-166 -542 60 ) (-142 -542 60 ) 
4 224 225 (-190 -542 60 ) (-190 -518 60 ) (-142 -518 60 ) (-142 -542 60 ) 
4 225 228 (-166 -542 60 ) (-190 -542 48 ) (-190 -542 -24 ) (-166 -542 -24 ) 
4 225 226 (-142 -542 -24 ) (-142 -542 60 ) (-166 -542 60 ) (-166 -542 -24 ) 
4 226 228 (-166 -542 -24 ) (-166 -566 -24 ) (-166 -566 48 ) (-166 -542 60 ) 
3 227 228 (-190 -542 48 ) (-166 -566 48 ) (-190 -566 36 ) 
