---- vis / ericw-tools v0.18.1-32-g6660c5f ----
running with 8 threads
testlevel = 4
LoadBSPFile: 'shamjam.bsp'
BSP is version 29
   223 leafs
   833 portals
Calculating Base Vis:
0....1....2....3....4....5....6....7....8....9....
Calculating Full Vis:
0....1....2....3....4....5....6....7....8....9....
WARNING: Leaf portals saw into leaf (5)
WARNING: Leaf portals saw into leaf (8)
WARNING: Leaf portals saw into leaf (9)
WARNING: Leaf portals saw into leaf (10)
WARNING: Leaf portals saw into leaf (13)
WARNING: Leaf portals saw into leaf (14)
WARNING: Leaf portals saw into leaf (16)
WARNING: Leaf portals saw into leaf (17)
WARNING: Leaf portals saw into leaf (18)
WARNING: Leaf portals saw into leaf (19)
WARNING: Leaf portals saw into leaf (22)
WARNING: Leaf portals saw into leaf (23)
WARNING: Leaf portals saw into leaf (24)
WARNING: Leaf portals saw into leaf (25)
WARNING: Leaf portals saw into leaf (27)
WARNING: Leaf portals saw into leaf (28)
WARNING: Leaf portals saw into leaf (30)
WARNING: Leaf portals saw into leaf (31)
WARNING: Leaf portals saw into leaf (32)
WARNING: Leaf portals saw into leaf (33)
WARNING: Leaf portals saw into leaf (34)
WARNING: Leaf portals saw into leaf (35)
WARNING: Leaf portals saw into leaf (36)
WARNING: Leaf portals saw into leaf (38)
WARNING: Leaf portals saw into leaf (40)
WARNING: Leaf portals saw into leaf (41)
WARNING: Leaf portals saw into leaf (42)
WARNING: Leaf portals saw into leaf (43)
WARNING: Leaf portals saw into leaf (44)
WARNING: Leaf portals saw into leaf (45)
WARNING: Leaf portals saw into leaf (49)
WARNING: Leaf portals saw into leaf (50)
WARNING: Leaf portals saw into leaf (51)
WARNING: Leaf portals saw into leaf (53)
WARNING: Leaf portals saw into leaf (57)
WARNING: Leaf portals saw into leaf (58)
WARNING: Leaf portals saw into leaf (59)
WARNING: Leaf portals saw into leaf (60)
WARNING: Leaf portals saw into leaf (61)
WARNING: Leaf portals saw into leaf (62)
WARNING: Leaf portals saw into leaf (65)
WARNING: Leaf portals saw into leaf (66)
WARNING: Leaf portals saw into leaf (68)
WARNING: Leaf portals saw into leaf (71)
WARNING: Leaf portals saw into leaf (72)
WARNING: Leaf portals saw into leaf (77)
WARNING: Leaf portals saw into leaf (78)
WARNING: Leaf portals saw into leaf (79)
WARNING: Leaf portals saw into leaf (84)
WARNING: Leaf portals saw into leaf (87)
WARNING: Leaf portals saw into leaf (89)
WARNING: Leaf portals saw into leaf (90)
WARNING: Leaf portals saw into leaf (91)
WARNING: Leaf portals saw into leaf (92)
WARNING: Leaf portals saw into leaf (93)
WARNING: Leaf portals saw into leaf (94)
WARNING: Leaf portals saw into leaf (96)
WARNING: Leaf portals saw into leaf (97)
WARNING: Leaf portals saw into leaf (98)
WARNING: Leaf portals saw into leaf (100)
WARNING: Leaf portals saw into leaf (102)
WARNING: Leaf portals saw into leaf (106)
WARNING: Leaf portals saw into leaf (110)
WARNING: Leaf portals saw into leaf (111)
WARNING: Leaf portals saw into leaf (112)
WARNING: Leaf portals saw into leaf (113)
WARNING: Leaf portals saw into leaf (114)
WARNING: Leaf portals saw into leaf (115)
WARNING: Leaf portals saw into leaf (116)
WARNING: Leaf portals saw into leaf (117)
WARNING: Leaf portals saw into leaf (118)
WARNING: Leaf portals saw into leaf (121)
WARNING: Leaf portals saw into leaf (122)
WARNING: Leaf portals saw into leaf (123)
WARNING: Leaf portals saw into leaf (124)
WARNING: Leaf portals saw into leaf (125)
WARNING: Leaf portals saw into leaf (126)
WARNING: Leaf portals saw into leaf (127)
WARNING: Leaf portals saw into leaf (128)
WARNING: Leaf portals saw into leaf (129)
WARNING: Leaf portals saw into leaf (130)
WARNING: Leaf portals saw into leaf (131)
WARNING: Leaf portals saw into leaf (132)
WARNING: Leaf portals saw into leaf (133)
WARNING: Leaf portals saw into leaf (134)
WARNING: Leaf portals saw into leaf (135)
WARNING: Leaf portals saw into leaf (136)
WARNING: Leaf portals saw into leaf (137)
WARNING: Leaf portals saw into leaf (138)
WARNING: Leaf portals saw into leaf (139)
WARNING: Leaf portals saw into leaf (140)
WARNING: Leaf portals saw into leaf (141)
WARNING: Leaf portals saw into leaf (142)
WARNING: Leaf portals saw into leaf (143)
WARNING: Leaf portals saw into leaf (144)
WARNING: Leaf portals saw into leaf (145)
WARNING: Leaf portals saw into leaf (146)
WARNING: Leaf portals saw into leaf (147)
WARNING: Leaf portals saw into leaf (148)
WARNING: Leaf portals saw into leaf (149)
WARNING: Leaf portals saw into leaf (150)
WARNING: Leaf portals saw into leaf (151)
WARNING: Leaf portals saw into leaf (153)
WARNING: Leaf portals saw into leaf (154)
WARNING: Leaf portals saw into leaf (155)
WARNING: Leaf portals saw into leaf (156)
WARNING: Leaf portals saw into leaf (157)
WARNING: Leaf portals saw into leaf (158)
WARNING: Leaf portals saw into leaf (161)
WARNING: Leaf portals saw into leaf (162)
WARNING: Leaf portals saw into leaf (164)
WARNING: Leaf portals saw into leaf (166)
WARNING: Leaf portals saw into leaf (171)
WARNING: Leaf portals saw into leaf (172)
WARNING: Leaf portals saw into leaf (173)
WARNING: Leaf portals saw into leaf (175)
WARNING: Leaf portals saw into leaf (178)
WARNING: Leaf portals saw into leaf (182)
WARNING: Leaf portals saw into leaf (184)
WARNING: Leaf portals saw into leaf (185)
WARNING: Leaf portals saw into leaf (187)
WARNING: Leaf portals saw into leaf (188)
WARNING: Leaf portals saw into leaf (190)
WARNING: Leaf portals saw into leaf (195)
WARNING: Leaf portals saw into leaf (196)
WARNING: Leaf portals saw into leaf (197)
WARNING: Leaf portals saw into leaf (198)
WARNING: Leaf portals saw into leaf (199)
WARNING: Leaf portals saw into leaf (200)
WARNING: Leaf portals saw into leaf (201)
WARNING: Leaf portals saw into leaf (204)
WARNING: Leaf portals saw into leaf (205)
WARNING: Leaf portals saw into leaf (206)
WARNING: Leaf portals saw into leaf (207)
WARNING: Leaf portals saw into leaf (208)
WARNING: Leaf portals saw into leaf (209)
WARNING: Leaf portals saw into leaf (211)
WARNING: Leaf portals saw into leaf (212)
WARNING: Leaf portals saw into leaf (213)
WARNING: Leaf portals saw into leaf (214)
WARNING: Leaf portals saw into leaf (218)
WARNING: Leaf portals saw into leaf (219)
WARNING: Leaf portals saw into leaf (220)
average leafs visible: 197
c_noclip: 0
c_chains: 3678445
visdatasize:6019  compressed from 6244
Writing shamjam.bsp as BSP version 29
  4.2 seconds elapsed
